CRITICAL - 2025-11-20 02:56:54 --> Error: Cannot use object of type stdClass as array
[Method: GET, Route: sitemap/items-sitemap-1.xml]
in APPPATH\Controllers\Sitemap.php on line 101.
 1 SYSTEMPATH\CodeIgniter.php(933): App\Controllers\Sitemap->detail('items', '1')
 2 SYSTEMPATH\CodeIgniter.php(507): CodeIgniter\CodeIgniter->runController(Object(App\Controllers\Sitemap))
 3 SYSTEMPATH\CodeIgniter.php(354): CodeIgniter\CodeIgniter->handleRequest(null, Object(Config\Cache), false)
 4 SYSTEMPATH\Boot.php(363): CodeIgniter\CodeIgniter->run()
 5 SYSTEMPATH\Boot.php(68): CodeIgniter\Boot::runCodeIgniter(Object(CodeIgniter\CodeIgniter))
 6 FCPATH\index.php(59): CodeIgniter\Boot::bootWeb(Object(Config\Paths))
DEBUG - 2025-11-20 02:58:02 --> Session: Class initialized using 'CodeIgniter\Session\Handlers\FileHandler' driver.
DEBUG - 2025-11-20 02:58:02 --> Session: Class initialized using 'CodeIgniter\Session\Handlers\FileHandler' driver.
DEBUG - 2025-11-20 02:58:02 --> Session: Class initialized using 'CodeIgniter\Session\Handlers\FileHandler' driver.
DEBUG - 2025-11-20 02:58:03 --> User logged in: admin
DEBUG - 2025-11-20 02:58:03 --> Session: Class initialized using 'CodeIgniter\Session\Handlers\FileHandler' driver.
DEBUG - 2025-11-20 02:58:05 --> Session: Class initialized using 'CodeIgniter\Session\Handlers\FileHandler' driver.
CRITICAL - 2025-11-20 03:40:56 --> ErrorException: Undefined array key "en_name"
[Method: GET, Route: es-es]
in APPPATH\Views\layout\item_card.php on line 4.
 1 APPPATH\Views\layout\item_card.php(4): CodeIgniter\Debug\Exceptions->errorHandler(2, 'Undefined array key "en_name"', 'D:\\CodeIgniter\\travelaz\\app\\Views\\layout\\item_card.php', 4)
 2 SYSTEMPATH\View\View.php(226): include('D:\\CodeIgniter\\travelaz\\app\\Views\\layout\\item_card.php')
 3 SYSTEMPATH\View\View.php(229): CodeIgniter\View\View->{closure:CodeIgniter\View\View::render():223}()
 4 SYSTEMPATH\Common.php(1167): CodeIgniter\View\View->render('layout/item_card', [], true)
 5 APPPATH\Views\home.php(14): view('layout/item_card', [...])
 6 SYSTEMPATH\View\View.php(226): include('D:\\CodeIgniter\\travelaz\\app\\Views\\home.php')
 7 SYSTEMPATH\View\View.php(229): CodeIgniter\View\View->{closure:CodeIgniter\View\View::render():223}()
 8 SYSTEMPATH\Common.php(1167): CodeIgniter\View\View->render('home', [], true)
 9 APPPATH\Controllers\Home.php(47): view('home', [...])
10 SYSTEMPATH\CodeIgniter.php(933): App\Controllers\Home->index()
11 SYSTEMPATH\CodeIgniter.php(507): CodeIgniter\CodeIgniter->runController(Object(App\Controllers\Home))
12 SYSTEMPATH\CodeIgniter.php(354): CodeIgniter\CodeIgniter->handleRequest(null, Object(Config\Cache), false)
13 SYSTEMPATH\Boot.php(363): CodeIgniter\CodeIgniter->run()
14 SYSTEMPATH\Boot.php(68): CodeIgniter\Boot::runCodeIgniter(Object(CodeIgniter\CodeIgniter))
15 FCPATH\index.php(59): CodeIgniter\Boot::bootWeb(Object(Config\Paths))
CRITICAL - 2025-11-20 03:41:21 --> ErrorException: Undefined array key "en_name"
[Method: GET, Route: es-es]
in APPPATH\Helpers\Custom_helper.php on line 86.
 1 APPPATH\Helpers\Custom_helper.php(86): CodeIgniter\Debug\Exceptions->errorHandler(2, 'Undefined array key "en_name"', 'D:\\CodeIgniter\\travelaz\\app\\Helpers\\Custom_helper.php', 86)
 2 APPPATH\Views\layout\item_card.php(11): item_title([...])
 3 SYSTEMPATH\View\View.php(226): include('D:\\CodeIgniter\\travelaz\\app\\Views\\layout\\item_card.php')
 4 SYSTEMPATH\View\View.php(229): CodeIgniter\View\View->{closure:CodeIgniter\View\View::render():223}()
 5 SYSTEMPATH\Common.php(1167): CodeIgniter\View\View->render('layout/item_card', [], true)
 6 APPPATH\Views\home.php(14): view('layout/item_card', [...])
 7 SYSTEMPATH\View\View.php(226): include('D:\\CodeIgniter\\travelaz\\app\\Views\\home.php')
 8 SYSTEMPATH\View\View.php(229): CodeIgniter\View\View->{closure:CodeIgniter\View\View::render():223}()
 9 SYSTEMPATH\Common.php(1167): CodeIgniter\View\View->render('home', [], true)
10 APPPATH\Controllers\Home.php(47): view('home', [...])
11 SYSTEMPATH\CodeIgniter.php(933): App\Controllers\Home->index()
12 SYSTEMPATH\CodeIgniter.php(507): CodeIgniter\CodeIgniter->runController(Object(App\Controllers\Home))
13 SYSTEMPATH\CodeIgniter.php(354): CodeIgniter\CodeIgniter->handleRequest(null, Object(Config\Cache), false)
14 SYSTEMPATH\Boot.php(363): CodeIgniter\CodeIgniter->run()
15 SYSTEMPATH\Boot.php(68): CodeIgniter\Boot::runCodeIgniter(Object(CodeIgniter\CodeIgniter))
16 FCPATH\index.php(59): CodeIgniter\Boot::bootWeb(Object(Config\Paths))
CRITICAL - 2025-11-20 03:42:06 --> ErrorException: Undefined array key "rating"
[Method: GET, Route: es-es]
in APPPATH\Views\layout\item_card.php on line 17.
 1 APPPATH\Views\layout\item_card.php(17): CodeIgniter\Debug\Exceptions->errorHandler(2, 'Undefined array key "rating"', 'D:\\CodeIgniter\\travelaz\\app\\Views\\layout\\item_card.php', 17)
 2 SYSTEMPATH\View\View.php(226): include('D:\\CodeIgniter\\travelaz\\app\\Views\\layout\\item_card.php')
 3 SYSTEMPATH\View\View.php(229): CodeIgniter\View\View->{closure:CodeIgniter\View\View::render():223}()
 4 SYSTEMPATH\Common.php(1167): CodeIgniter\View\View->render('layout/item_card', [], true)
 5 APPPATH\Views\home.php(14): view('layout/item_card', [...])
 6 SYSTEMPATH\View\View.php(226): include('D:\\CodeIgniter\\travelaz\\app\\Views\\home.php')
 7 SYSTEMPATH\View\View.php(229): CodeIgniter\View\View->{closure:CodeIgniter\View\View::render():223}()
 8 SYSTEMPATH\Common.php(1167): CodeIgniter\View\View->render('home', [], true)
 9 APPPATH\Controllers\Home.php(47): view('home', [...])
10 SYSTEMPATH\CodeIgniter.php(933): App\Controllers\Home->index()
11 SYSTEMPATH\CodeIgniter.php(507): CodeIgniter\CodeIgniter->runController(Object(App\Controllers\Home))
12 SYSTEMPATH\CodeIgniter.php(354): CodeIgniter\CodeIgniter->handleRequest(null, Object(Config\Cache), false)
13 SYSTEMPATH\Boot.php(363): CodeIgniter\CodeIgniter->run()
14 SYSTEMPATH\Boot.php(68): CodeIgniter\Boot::runCodeIgniter(Object(CodeIgniter\CodeIgniter))
15 FCPATH\index.php(59): CodeIgniter\Boot::bootWeb(Object(Config\Paths))
CRITICAL - 2025-11-20 03:50:38 --> TypeError: Cannot access offset of type string on string
[Method: GET, Route: vi-vn]
in APPPATH\Helpers\Url_helper.php on line 123.
 1 [internal function]: {closure:item_link():123}('en-US', 0)
 2 APPPATH\Helpers\Url_helper.php(123): array_find([...], Object(Closure))
 3 APPPATH\Views\layout\item_card.php(2): item_link([...])
 4 SYSTEMPATH\View\View.php(226): include('D:\\CodeIgniter\\travelaz\\app\\Views\\layout\\item_card.php')
 5 SYSTEMPATH\View\View.php(229): CodeIgniter\View\View->{closure:CodeIgniter\View\View::render():223}()
 6 SYSTEMPATH\Common.php(1167): CodeIgniter\View\View->render('layout/item_card', [], true)
 7 APPPATH\Views\home.php(14): view('layout/item_card', [...])
 8 SYSTEMPATH\View\View.php(226): include('D:\\CodeIgniter\\travelaz\\app\\Views\\home.php')
 9 SYSTEMPATH\View\View.php(229): CodeIgniter\View\View->{closure:CodeIgniter\View\View::render():223}()
10 SYSTEMPATH\Common.php(1167): CodeIgniter\View\View->render('home', [], true)
11 APPPATH\Controllers\Home.php(49): view('home', [...])
12 SYSTEMPATH\CodeIgniter.php(933): App\Controllers\Home->index()
13 SYSTEMPATH\CodeIgniter.php(507): CodeIgniter\CodeIgniter->runController(Object(App\Controllers\Home))
14 SYSTEMPATH\CodeIgniter.php(354): CodeIgniter\CodeIgniter->handleRequest(null, Object(Config\Cache), false)
15 SYSTEMPATH\Boot.php(363): CodeIgniter\CodeIgniter->run()
16 SYSTEMPATH\Boot.php(68): CodeIgniter\Boot::runCodeIgniter(Object(CodeIgniter\CodeIgniter))
17 FCPATH\index.php(59): CodeIgniter\Boot::bootWeb(Object(Config\Paths))
CRITICAL - 2025-11-20 05:03:19 --> ErrorException: Undefined variable $reviews
[Method: GET, Route: hotels/k/240316-taipei-garden-hotel]
in APPPATH\Controllers\Items.php on line 91.
 1 APPPATH\Controllers\Items.php(91): CodeIgniter\Debug\Exceptions->errorHandler(2, 'Undefined variable $reviews', 'D:\\CodeIgniter\\travelaz\\app\\Controllers\\Items.php', 91)
 2 SYSTEMPATH\CodeIgniter.php(933): App\Controllers\Items->show('hotels', 'k', '240316', 'taipei-garden-hotel')
 3 SYSTEMPATH\CodeIgniter.php(507): CodeIgniter\CodeIgniter->runController(Object(App\Controllers\Items))
 4 SYSTEMPATH\CodeIgniter.php(354): CodeIgniter\CodeIgniter->handleRequest(null, Object(Config\Cache), false)
 5 SYSTEMPATH\Boot.php(363): CodeIgniter\CodeIgniter->run()
 6 SYSTEMPATH\Boot.php(68): CodeIgniter\Boot::runCodeIgniter(Object(CodeIgniter\CodeIgniter))
 7 FCPATH\index.php(59): CodeIgniter\Boot::bootWeb(Object(Config\Paths))
WARNING - 2025-11-20 07:42:30 --> [DEPRECATED] trim(): Passing null to parameter #1 ($string) of type string is deprecated in APPPATH\Controllers\Search.php on line 12.
 1 APPPATH\Controllers\Search.php(12): trim(null)
 2 SYSTEMPATH\CodeIgniter.php(933): App\Controllers\Search->search()
 3 SYSTEMPATH\CodeIgniter.php(507): CodeIgniter\CodeIgniter->runController(Object(App\Controllers\Search))
 4 SYSTEMPATH\CodeIgniter.php(354): CodeIgniter\CodeIgniter->handleRequest(null, Object(Config\Cache), false)
 5 SYSTEMPATH\Boot.php(363): CodeIgniter\CodeIgniter->run()
 6 SYSTEMPATH\Boot.php(68): CodeIgniter\Boot::runCodeIgniter(Object(CodeIgniter\CodeIgniter))
 7 FCPATH\index.php(59): CodeIgniter\Boot::bootWeb(Object(Config\Paths))
WARNING - 2025-11-20 08:05:08 --> [DEPRECATED] trim(): Passing null to parameter #1 ($string) of type string is deprecated in APPPATH\Controllers\Search.php on line 12.
 1 APPPATH\Controllers\Search.php(12): trim(null)
 2 SYSTEMPATH\CodeIgniter.php(933): App\Controllers\Search->search()
 3 SYSTEMPATH\CodeIgniter.php(507): CodeIgniter\CodeIgniter->runController(Object(App\Controllers\Search))
 4 SYSTEMPATH\CodeIgniter.php(354): CodeIgniter\CodeIgniter->handleRequest(null, Object(Config\Cache), false)
 5 SYSTEMPATH\Boot.php(363): CodeIgniter\CodeIgniter->run()
 6 SYSTEMPATH\Boot.php(68): CodeIgniter\Boot::runCodeIgniter(Object(CodeIgniter\CodeIgniter))
 7 FCPATH\index.php(59): CodeIgniter\Boot::bootWeb(Object(Config\Paths))
WARNING - 2025-11-20 08:24:06 --> [DEPRECATED] trim(): Passing null to parameter #1 ($string) of type string is deprecated in APPPATH\Controllers\Search.php on line 12.
 1 APPPATH\Controllers\Search.php(12): trim(null)
 2 SYSTEMPATH\CodeIgniter.php(933): App\Controllers\Search->search()
 3 SYSTEMPATH\CodeIgniter.php(507): CodeIgniter\CodeIgniter->runController(Object(App\Controllers\Search))
 4 SYSTEMPATH\CodeIgniter.php(354): CodeIgniter\CodeIgniter->handleRequest(null, Object(Config\Cache), false)
 5 SYSTEMPATH\Boot.php(363): CodeIgniter\CodeIgniter->run()
 6 SYSTEMPATH\Boot.php(68): CodeIgniter\Boot::runCodeIgniter(Object(CodeIgniter\CodeIgniter))
 7 FCPATH\index.php(59): CodeIgniter\Boot::bootWeb(Object(Config\Paths))
