DEBUG - 2025-11-13 07:23:47 --> Session: Class initialized using 'CodeIgniter\Session\Handlers\FileHandler' driver.
DEBUG - 2025-11-13 07:23:49 --> Session: Class initialized using 'CodeIgniter\Session\Handlers\FileHandler' driver.
DEBUG - 2025-11-13 07:23:50 --> Session: Class initialized using 'CodeIgniter\Session\Handlers\FileHandler' driver.
DEBUG - 2025-11-13 07:23:51 --> User logged in: admin
DEBUG - 2025-11-13 07:23:51 --> Session: Class initialized using 'CodeIgniter\Session\Handlers\FileHandler' driver.
DEBUG - 2025-11-13 07:23:52 --> Session: Class initialized using 'CodeIgniter\Session\Handlers\FileHandler' driver.
DEBUG - 2025-11-13 07:23:54 --> Session: Class initialized using 'CodeIgniter\Session\Handlers\FileHandler' driver.
DEBUG - 2025-11-13 07:24:50 --> Session: Class initialized using 'CodeIgniter\Session\Handlers\FileHandler' driver.
DEBUG - 2025-11-13 07:24:51 --> Session: Class initialized using 'CodeIgniter\Session\Handlers\FileHandler' driver.
DEBUG - 2025-11-13 07:57:28 --> Session: Class initialized using 'CodeIgniter\Session\Handlers\FileHandler' driver.
CRITICAL - 2025-11-13 10:02:50 --> ErrorException: Array to string conversion
[Method: GET, Route: cat/hotels]
in APPPATH\Views\layout\header.php on line 11.
 1 [internal function]: CodeIgniter\Debug\Exceptions->errorHandler(2, 'Array to string conversion', 'D:\\CodeIgniter\\travelaz\\app\\Views\\layout\\header.php', 11)
 2 APPPATH\Views\layout\header.php(11): implode(', ', [...])
 3 SYSTEMPATH\View\View.php(226): include('D:\\CodeIgniter\\travelaz\\app\\Views\\layout\\header.php')
 4 SYSTEMPATH\View\View.php(229): CodeIgniter\View\View->{closure:CodeIgniter\View\View::render():223}()
 5 SYSTEMPATH\View\View.php(475): CodeIgniter\View\View->render('layout/header', [...], true)
 6 APPPATH\Views\items\index.php(1): CodeIgniter\View\View->include('layout/header', [...])
 7 SYSTEMPATH\View\View.php(226): include('D:\\CodeIgniter\\travelaz\\app\\Views\\items\\index.php')
 8 SYSTEMPATH\View\View.php(229): CodeIgniter\View\View->{closure:CodeIgniter\View\View::render():223}()
 9 SYSTEMPATH\Common.php(1167): CodeIgniter\View\View->render('items/index', [], true)
10 APPPATH\Controllers\Categories.php(86): view('items/index', [...])
11 SYSTEMPATH\CodeIgniter.php(933): App\Controllers\Categories->items('hotels')
12 SYSTEMPATH\CodeIgniter.php(507): CodeIgniter\CodeIgniter->runController(Object(App\Controllers\Categories))
13 SYSTEMPATH\CodeIgniter.php(354): CodeIgniter\CodeIgniter->handleRequest(null, Object(Config\Cache), false)
14 SYSTEMPATH\Boot.php(363): CodeIgniter\CodeIgniter->run()
15 SYSTEMPATH\Boot.php(68): CodeIgniter\Boot::runCodeIgniter(Object(CodeIgniter\CodeIgniter))
16 FCPATH\index.php(59): CodeIgniter\Boot::bootWeb(Object(Config\Paths))
CRITICAL - 2025-11-13 10:04:28 --> ErrorException: Array to string conversion
[Method: GET, Route: cat/activities]
in APPPATH\Views\layout\header.php on line 11.
 1 [internal function]: CodeIgniter\Debug\Exceptions->errorHandler(2, 'Array to string conversion', 'D:\\CodeIgniter\\travelaz\\app\\Views\\layout\\header.php', 11)
 2 APPPATH\Views\layout\header.php(11): implode(', ', [...])
 3 SYSTEMPATH\View\View.php(226): include('D:\\CodeIgniter\\travelaz\\app\\Views\\layout\\header.php')
 4 SYSTEMPATH\View\View.php(229): CodeIgniter\View\View->{closure:CodeIgniter\View\View::render():223}()
 5 SYSTEMPATH\View\View.php(475): CodeIgniter\View\View->render('layout/header', [...], true)
 6 APPPATH\Views\items\index.php(1): CodeIgniter\View\View->include('layout/header', [...])
 7 SYSTEMPATH\View\View.php(226): include('D:\\CodeIgniter\\travelaz\\app\\Views\\items\\index.php')
 8 SYSTEMPATH\View\View.php(229): CodeIgniter\View\View->{closure:CodeIgniter\View\View::render():223}()
 9 SYSTEMPATH\Common.php(1167): CodeIgniter\View\View->render('items/index', [], true)
10 APPPATH\Controllers\Categories.php(86): view('items/index', [...])
11 SYSTEMPATH\CodeIgniter.php(933): App\Controllers\Categories->items('activities')
12 SYSTEMPATH\CodeIgniter.php(507): CodeIgniter\CodeIgniter->runController(Object(App\Controllers\Categories))
13 SYSTEMPATH\CodeIgniter.php(354): CodeIgniter\CodeIgniter->handleRequest(null, Object(Config\Cache), false)
14 SYSTEMPATH\Boot.php(363): CodeIgniter\CodeIgniter->run()
15 SYSTEMPATH\Boot.php(68): CodeIgniter\Boot::runCodeIgniter(Object(CodeIgniter\CodeIgniter))
16 FCPATH\index.php(59): CodeIgniter\Boot::bootWeb(Object(Config\Paths))
