ERROR - 2025-11-16 13:10:32 --> mysqli_sql_exception: Duplicate entry '20-2' for key 'location_sources.uq_location_source' in D:\CodeIgniter\travelaz\system\Database\MySQLi\Connection.php:327
Stack trace:
#0 D:\CodeIgniter\travelaz\system\Database\MySQLi\Connection.php(327): mysqli->query('INSERT INTO `lo...', 0)
#1 D:\CodeIgniter\travelaz\system\Database\BaseConnection.php(729): CodeIgniter\Database\MySQLi\Connection->execute('INSERT INTO `lo...')
#2 D:\CodeIgniter\travelaz\system\Database\BaseConnection.php(646): CodeIgniter\Database\BaseConnection->simpleQuery('INSERT INTO `lo...')
#3 D:\CodeIgniter\travelaz\system\Database\BaseBuilder.php(2345): CodeIgniter\Database\BaseConnection->query('INSERT INTO `lo...', Array, false)
#4 D:\CodeIgniter\travelaz\system\Model.php(394): CodeIgniter\Database\BaseBuilder->insert()
#5 D:\CodeIgniter\travelaz\system\BaseModel.php(838): CodeIgniter\Model->doInsert(Array)
#6 D:\CodeIgniter\travelaz\system\Model.php(797): CodeIgniter\BaseModel->insert(Array, true)
#7 D:\CodeIgniter\travelaz\app\Models\LocationModel.php(86): CodeIgniter\Model->insert(Array)
#8 D:\CodeIgniter\travelaz\app\Controllers\Api\V1\Items.php(257): App\Models\LocationModel->insertBySource(Array, 7755, 'Indonesia', '20')
#9 D:\CodeIgniter\travelaz\app\Controllers\Api\V1\Items.php(105): App\Controllers\Api\V1\Items->addKlookItem(Object(stdClass), Array, Array)
#10 D:\CodeIgniter\travelaz\system\CodeIgniter.php(933): App\Controllers\Api\V1\Items->create()
#11 D:\CodeIgniter\travelaz\system\CodeIgniter.php(507): CodeIgniter\CodeIgniter->runController(Object(App\Controllers\Api\V1\Items))
#12 D:\CodeIgniter\travelaz\system\CodeIgniter.php(354): CodeIgniter\CodeIgniter->handleRequest(NULL, Object(Config\Cache), false)
#13 D:\CodeIgniter\travelaz\system\Boot.php(363): CodeIgniter\CodeIgniter->run()
#14 D:\CodeIgniter\travelaz\system\Boot.php(68): CodeIgniter\Boot::runCodeIgniter(Object(CodeIgniter\CodeIgniter))
#15 D:\CodeIgniter\travelaz\public\index.php(59): CodeIgniter\Boot::bootWeb(Object(Config\Paths))
#16 {main}
CRITICAL - 2025-11-16 13:10:32 --> CodeIgniter\Database\Exceptions\DatabaseException: Duplicate entry '20-2' for key 'location_sources.uq_location_source'
[Method: POST, Route: api/v1/items]
in SYSTEMPATH\Database\BaseConnection.php on line 684.
 1 SYSTEMPATH\Database\BaseBuilder.php(2345): CodeIgniter\Database\BaseConnection->query('INSERT INTO `location_sources` (`location_id`, `source_id`, `location_source_id`) VALUES (:location_id:, :source_id:, :location_source_id:)', [...], false)
 2 SYSTEMPATH\Model.php(394): CodeIgniter\Database\BaseBuilder->insert()
 3 SYSTEMPATH\BaseModel.php(838): CodeIgniter\Model->doInsert([...])
 4 SYSTEMPATH\Model.php(797): CodeIgniter\BaseModel->insert([...], true)
 5 APPPATH\Models\LocationModel.php(86): CodeIgniter\Model->insert([...])
 6 APPPATH\Controllers\Api\V1\Items.php(257): App\Models\LocationModel->insertBySource([...], 7755, 'Indonesia', '20')
 7 APPPATH\Controllers\Api\V1\Items.php(105): App\Controllers\Api\V1\Items->addKlookItem(Object(stdClass), [...], [...])
 8 SYSTEMPATH\CodeIgniter.php(933): App\Controllers\Api\V1\Items->create()
 9 SYSTEMPATH\CodeIgniter.php(507): CodeIgniter\CodeIgniter->runController(Object(App\Controllers\Api\V1\Items))
10 SYSTEMPATH\CodeIgniter.php(354): CodeIgniter\CodeIgniter->handleRequest(null, Object(Config\Cache), false)
11 SYSTEMPATH\Boot.php(363): CodeIgniter\CodeIgniter->run()
12 SYSTEMPATH\Boot.php(68): CodeIgniter\Boot::runCodeIgniter(Object(CodeIgniter\CodeIgniter))
13 FCPATH\index.php(59): CodeIgniter\Boot::bootWeb(Object(Config\Paths))
CRITICAL - 2025-11-16 13:10:32 --> [Caused by] CodeIgniter\Database\Exceptions\DatabaseException: Duplicate entry '20-2' for key 'location_sources.uq_location_source'
in SYSTEMPATH\Database\MySQLi\Connection.php on line 332.
 1 SYSTEMPATH\Database\BaseConnection.php(729): CodeIgniter\Database\MySQLi\Connection->execute('INSERT INTO `location_sources` (`location_id`, `source_id`, `location_source_id`) VALUES (\'20\', \'2\', 7755)')
 2 SYSTEMPATH\Database\BaseConnection.php(646): CodeIgniter\Database\BaseConnection->simpleQuery('INSERT INTO `location_sources` (`location_id`, `source_id`, `location_source_id`) VALUES (\'20\', \'2\', 7755)')
 3 SYSTEMPATH\Database\BaseBuilder.php(2345): CodeIgniter\Database\BaseConnection->query('INSERT INTO `location_sources` (`location_id`, `source_id`, `location_source_id`) VALUES (:location_id:, :source_id:, :location_source_id:)', [...], false)
 4 SYSTEMPATH\Model.php(394): CodeIgniter\Database\BaseBuilder->insert()
 5 SYSTEMPATH\BaseModel.php(838): CodeIgniter\Model->doInsert([...])
 6 SYSTEMPATH\Model.php(797): CodeIgniter\BaseModel->insert([...], true)
 7 APPPATH\Models\LocationModel.php(86): CodeIgniter\Model->insert([...])
 8 APPPATH\Controllers\Api\V1\Items.php(257): App\Models\LocationModel->insertBySource([...], 7755, 'Indonesia', '20')
 9 APPPATH\Controllers\Api\V1\Items.php(105): App\Controllers\Api\V1\Items->addKlookItem(Object(stdClass), [...], [...])
10 SYSTEMPATH\CodeIgniter.php(933): App\Controllers\Api\V1\Items->create()
11 SYSTEMPATH\CodeIgniter.php(507): CodeIgniter\CodeIgniter->runController(Object(App\Controllers\Api\V1\Items))
12 SYSTEMPATH\CodeIgniter.php(354): CodeIgniter\CodeIgniter->handleRequest(null, Object(Config\Cache), false)
13 SYSTEMPATH\Boot.php(363): CodeIgniter\CodeIgniter->run()
14 SYSTEMPATH\Boot.php(68): CodeIgniter\Boot::runCodeIgniter(Object(CodeIgniter\CodeIgniter))
15 FCPATH\index.php(59): CodeIgniter\Boot::bootWeb(Object(Config\Paths))
CRITICAL - 2025-11-16 13:10:32 --> [Caused by] mysqli_sql_exception: Duplicate entry '20-2' for key 'location_sources.uq_location_source'
in SYSTEMPATH\Database\MySQLi\Connection.php on line 327.
 1 SYSTEMPATH\Database\MySQLi\Connection.php(327): mysqli->query('INSERT INTO `location_sources` (`location_id`, `source_id`, `location_source_id`) VALUES (\'20\', \'2\', 7755)', 0)
 2 SYSTEMPATH\Database\BaseConnection.php(729): CodeIgniter\Database\MySQLi\Connection->execute('INSERT INTO `location_sources` (`location_id`, `source_id`, `location_source_id`) VALUES (\'20\', \'2\', 7755)')
 3 SYSTEMPATH\Database\BaseConnection.php(646): CodeIgniter\Database\BaseConnection->simpleQuery('INSERT INTO `location_sources` (`location_id`, `source_id`, `location_source_id`) VALUES (\'20\', \'2\', 7755)')
 4 SYSTEMPATH\Database\BaseBuilder.php(2345): CodeIgniter\Database\BaseConnection->query('INSERT INTO `location_sources` (`location_id`, `source_id`, `location_source_id`) VALUES (:location_id:, :source_id:, :location_source_id:)', [...], false)
 5 SYSTEMPATH\Model.php(394): CodeIgniter\Database\BaseBuilder->insert()
 6 SYSTEMPATH\BaseModel.php(838): CodeIgniter\Model->doInsert([...])
 7 SYSTEMPATH\Model.php(797): CodeIgniter\BaseModel->insert([...], true)
 8 APPPATH\Models\LocationModel.php(86): CodeIgniter\Model->insert([...])
 9 APPPATH\Controllers\Api\V1\Items.php(257): App\Models\LocationModel->insertBySource([...], 7755, 'Indonesia', '20')
10 APPPATH\Controllers\Api\V1\Items.php(105): App\Controllers\Api\V1\Items->addKlookItem(Object(stdClass), [...], [...])
11 SYSTEMPATH\CodeIgniter.php(933): App\Controllers\Api\V1\Items->create()
12 SYSTEMPATH\CodeIgniter.php(507): CodeIgniter\CodeIgniter->runController(Object(App\Controllers\Api\V1\Items))
13 SYSTEMPATH\CodeIgniter.php(354): CodeIgniter\CodeIgniter->handleRequest(null, Object(Config\Cache), false)
14 SYSTEMPATH\Boot.php(363): CodeIgniter\CodeIgniter->run()
15 SYSTEMPATH\Boot.php(68): CodeIgniter\Boot::runCodeIgniter(Object(CodeIgniter\CodeIgniter))
16 FCPATH\index.php(59): CodeIgniter\Boot::bootWeb(Object(Config\Paths))
ERROR - 2025-11-16 13:17:15 --> mysqli_sql_exception: Duplicate entry '20-2' for key 'location_sources.uq_location_source' in D:\CodeIgniter\travelaz\system\Database\MySQLi\Connection.php:327
Stack trace:
#0 D:\CodeIgniter\travelaz\system\Database\MySQLi\Connection.php(327): mysqli->query('INSERT INTO `lo...', 0)
#1 D:\CodeIgniter\travelaz\system\Database\BaseConnection.php(729): CodeIgniter\Database\MySQLi\Connection->execute('INSERT INTO `lo...')
#2 D:\CodeIgniter\travelaz\system\Database\BaseConnection.php(646): CodeIgniter\Database\BaseConnection->simpleQuery('INSERT INTO `lo...')
#3 D:\CodeIgniter\travelaz\system\Database\BaseBuilder.php(2345): CodeIgniter\Database\BaseConnection->query('INSERT INTO `lo...', Array, false)
#4 D:\CodeIgniter\travelaz\system\Model.php(394): CodeIgniter\Database\BaseBuilder->insert()
#5 D:\CodeIgniter\travelaz\system\BaseModel.php(838): CodeIgniter\Model->doInsert(Array)
#6 D:\CodeIgniter\travelaz\system\Model.php(797): CodeIgniter\BaseModel->insert(Array, true)
#7 D:\CodeIgniter\travelaz\app\Models\LocationModel.php(86): CodeIgniter\Model->insert(Array)
#8 D:\CodeIgniter\travelaz\app\Controllers\Api\V1\Items.php(257): App\Models\LocationModel->insertBySource(Array, 7755, 'Indonesia', '20')
#9 D:\CodeIgniter\travelaz\app\Controllers\Api\V1\Items.php(105): App\Controllers\Api\V1\Items->addKlookItem(Object(stdClass), Array, Array)
#10 D:\CodeIgniter\travelaz\system\CodeIgniter.php(933): App\Controllers\Api\V1\Items->create()
#11 D:\CodeIgniter\travelaz\system\CodeIgniter.php(507): CodeIgniter\CodeIgniter->runController(Object(App\Controllers\Api\V1\Items))
#12 D:\CodeIgniter\travelaz\system\CodeIgniter.php(354): CodeIgniter\CodeIgniter->handleRequest(NULL, Object(Config\Cache), false)
#13 D:\CodeIgniter\travelaz\system\Boot.php(363): CodeIgniter\CodeIgniter->run()
#14 D:\CodeIgniter\travelaz\system\Boot.php(68): CodeIgniter\Boot::runCodeIgniter(Object(CodeIgniter\CodeIgniter))
#15 D:\CodeIgniter\travelaz\public\index.php(59): CodeIgniter\Boot::bootWeb(Object(Config\Paths))
#16 {main}
CRITICAL - 2025-11-16 13:17:15 --> CodeIgniter\Database\Exceptions\DatabaseException: Duplicate entry '20-2' for key 'location_sources.uq_location_source'
[Method: POST, Route: api/v1/items]
in SYSTEMPATH\Database\BaseConnection.php on line 684.
 1 SYSTEMPATH\Database\BaseBuilder.php(2345): CodeIgniter\Database\BaseConnection->query('INSERT INTO `location_sources` (`location_id`, `source_id`, `location_source_id`) VALUES (:location_id:, :source_id:, :location_source_id:)', [...], false)
 2 SYSTEMPATH\Model.php(394): CodeIgniter\Database\BaseBuilder->insert()
 3 SYSTEMPATH\BaseModel.php(838): CodeIgniter\Model->doInsert([...])
 4 SYSTEMPATH\Model.php(797): CodeIgniter\BaseModel->insert([...], true)
 5 APPPATH\Models\LocationModel.php(86): CodeIgniter\Model->insert([...])
 6 APPPATH\Controllers\Api\V1\Items.php(257): App\Models\LocationModel->insertBySource([...], 7755, 'Indonesia', '20')
 7 APPPATH\Controllers\Api\V1\Items.php(105): App\Controllers\Api\V1\Items->addKlookItem(Object(stdClass), [...], [...])
 8 SYSTEMPATH\CodeIgniter.php(933): App\Controllers\Api\V1\Items->create()
 9 SYSTEMPATH\CodeIgniter.php(507): CodeIgniter\CodeIgniter->runController(Object(App\Controllers\Api\V1\Items))
10 SYSTEMPATH\CodeIgniter.php(354): CodeIgniter\CodeIgniter->handleRequest(null, Object(Config\Cache), false)
11 SYSTEMPATH\Boot.php(363): CodeIgniter\CodeIgniter->run()
12 SYSTEMPATH\Boot.php(68): CodeIgniter\Boot::runCodeIgniter(Object(CodeIgniter\CodeIgniter))
13 FCPATH\index.php(59): CodeIgniter\Boot::bootWeb(Object(Config\Paths))
CRITICAL - 2025-11-16 13:17:15 --> [Caused by] CodeIgniter\Database\Exceptions\DatabaseException: Duplicate entry '20-2' for key 'location_sources.uq_location_source'
in SYSTEMPATH\Database\MySQLi\Connection.php on line 332.
 1 SYSTEMPATH\Database\BaseConnection.php(729): CodeIgniter\Database\MySQLi\Connection->execute('INSERT INTO `location_sources` (`location_id`, `source_id`, `location_source_id`) VALUES (\'20\', \'2\', 7755)')
 2 SYSTEMPATH\Database\BaseConnection.php(646): CodeIgniter\Database\BaseConnection->simpleQuery('INSERT INTO `location_sources` (`location_id`, `source_id`, `location_source_id`) VALUES (\'20\', \'2\', 7755)')
 3 SYSTEMPATH\Database\BaseBuilder.php(2345): CodeIgniter\Database\BaseConnection->query('INSERT INTO `location_sources` (`location_id`, `source_id`, `location_source_id`) VALUES (:location_id:, :source_id:, :location_source_id:)', [...], false)
 4 SYSTEMPATH\Model.php(394): CodeIgniter\Database\BaseBuilder->insert()
 5 SYSTEMPATH\BaseModel.php(838): CodeIgniter\Model->doInsert([...])
 6 SYSTEMPATH\Model.php(797): CodeIgniter\BaseModel->insert([...], true)
 7 APPPATH\Models\LocationModel.php(86): CodeIgniter\Model->insert([...])
 8 APPPATH\Controllers\Api\V1\Items.php(257): App\Models\LocationModel->insertBySource([...], 7755, 'Indonesia', '20')
 9 APPPATH\Controllers\Api\V1\Items.php(105): App\Controllers\Api\V1\Items->addKlookItem(Object(stdClass), [...], [...])
10 SYSTEMPATH\CodeIgniter.php(933): App\Controllers\Api\V1\Items->create()
11 SYSTEMPATH\CodeIgniter.php(507): CodeIgniter\CodeIgniter->runController(Object(App\Controllers\Api\V1\Items))
12 SYSTEMPATH\CodeIgniter.php(354): CodeIgniter\CodeIgniter->handleRequest(null, Object(Config\Cache), false)
13 SYSTEMPATH\Boot.php(363): CodeIgniter\CodeIgniter->run()
14 SYSTEMPATH\Boot.php(68): CodeIgniter\Boot::runCodeIgniter(Object(CodeIgniter\CodeIgniter))
15 FCPATH\index.php(59): CodeIgniter\Boot::bootWeb(Object(Config\Paths))
CRITICAL - 2025-11-16 13:17:15 --> [Caused by] mysqli_sql_exception: Duplicate entry '20-2' for key 'location_sources.uq_location_source'
in SYSTEMPATH\Database\MySQLi\Connection.php on line 327.
 1 SYSTEMPATH\Database\MySQLi\Connection.php(327): mysqli->query('INSERT INTO `location_sources` (`location_id`, `source_id`, `location_source_id`) VALUES (\'20\', \'2\', 7755)', 0)
 2 SYSTEMPATH\Database\BaseConnection.php(729): CodeIgniter\Database\MySQLi\Connection->execute('INSERT INTO `location_sources` (`location_id`, `source_id`, `location_source_id`) VALUES (\'20\', \'2\', 7755)')
 3 SYSTEMPATH\Database\BaseConnection.php(646): CodeIgniter\Database\BaseConnection->simpleQuery('INSERT INTO `location_sources` (`location_id`, `source_id`, `location_source_id`) VALUES (\'20\', \'2\', 7755)')
 4 SYSTEMPATH\Database\BaseBuilder.php(2345): CodeIgniter\Database\BaseConnection->query('INSERT INTO `location_sources` (`location_id`, `source_id`, `location_source_id`) VALUES (:location_id:, :source_id:, :location_source_id:)', [...], false)
 5 SYSTEMPATH\Model.php(394): CodeIgniter\Database\BaseBuilder->insert()
 6 SYSTEMPATH\BaseModel.php(838): CodeIgniter\Model->doInsert([...])
 7 SYSTEMPATH\Model.php(797): CodeIgniter\BaseModel->insert([...], true)
 8 APPPATH\Models\LocationModel.php(86): CodeIgniter\Model->insert([...])
 9 APPPATH\Controllers\Api\V1\Items.php(257): App\Models\LocationModel->insertBySource([...], 7755, 'Indonesia', '20')
10 APPPATH\Controllers\Api\V1\Items.php(105): App\Controllers\Api\V1\Items->addKlookItem(Object(stdClass), [...], [...])
11 SYSTEMPATH\CodeIgniter.php(933): App\Controllers\Api\V1\Items->create()
12 SYSTEMPATH\CodeIgniter.php(507): CodeIgniter\CodeIgniter->runController(Object(App\Controllers\Api\V1\Items))
13 SYSTEMPATH\CodeIgniter.php(354): CodeIgniter\CodeIgniter->handleRequest(null, Object(Config\Cache), false)
14 SYSTEMPATH\Boot.php(363): CodeIgniter\CodeIgniter->run()
15 SYSTEMPATH\Boot.php(68): CodeIgniter\Boot::runCodeIgniter(Object(CodeIgniter\CodeIgniter))
16 FCPATH\index.php(59): CodeIgniter\Boot::bootWeb(Object(Config\Paths))
DEBUG - 2025-11-16 13:28:19 --> Session: Class initialized using 'CodeIgniter\Session\Handlers\FileHandler' driver.
DEBUG - 2025-11-16 13:28:20 --> Session: Class initialized using 'CodeIgniter\Session\Handlers\FileHandler' driver.
ERROR - 2025-11-16 13:30:26 --> mysqli_sql_exception: Unknown column 'parentId' in 'where clause' in D:\CodeIgniter\travelaz\system\Database\MySQLi\Connection.php:327
Stack trace:
#0 D:\CodeIgniter\travelaz\system\Database\MySQLi\Connection.php(327): mysqli->query('SELECT `locatio...', 0)
#1 D:\CodeIgniter\travelaz\system\Database\BaseConnection.php(729): CodeIgniter\Database\MySQLi\Connection->execute('SELECT `locatio...')
#2 D:\CodeIgniter\travelaz\system\Database\BaseConnection.php(646): CodeIgniter\Database\BaseConnection->simpleQuery('SELECT `locatio...')
#3 D:\CodeIgniter\travelaz\system\Database\BaseBuilder.php(1649): CodeIgniter\Database\BaseConnection->query('SELECT `locatio...', Array, false)
#4 D:\CodeIgniter\travelaz\system\Model.php(330): CodeIgniter\Database\BaseBuilder->get()
#5 D:\CodeIgniter\travelaz\system\BaseModel.php(715): CodeIgniter\Model->doFirst()
#6 D:\CodeIgniter\travelaz\app\Models\LocationModel.php(54): CodeIgniter\BaseModel->first()
#7 D:\CodeIgniter\travelaz\app\Controllers\Api\V1\Items.php(239): App\Models\LocationModel->findBySource(Array, 19)
#8 D:\CodeIgniter\travelaz\app\Controllers\Api\V1\Items.php(105): App\Controllers\Api\V1\Items->addKlookItem(Object(stdClass), Array, Array)
#9 D:\CodeIgniter\travelaz\system\CodeIgniter.php(933): App\Controllers\Api\V1\Items->create()
#10 D:\CodeIgniter\travelaz\system\CodeIgniter.php(507): CodeIgniter\CodeIgniter->runController(Object(App\Controllers\Api\V1\Items))
#11 D:\CodeIgniter\travelaz\system\CodeIgniter.php(354): CodeIgniter\CodeIgniter->handleRequest(NULL, Object(Config\Cache), false)
#12 D:\CodeIgniter\travelaz\system\Boot.php(363): CodeIgniter\CodeIgniter->run()
#13 D:\CodeIgniter\travelaz\system\Boot.php(68): CodeIgniter\Boot::runCodeIgniter(Object(CodeIgniter\CodeIgniter))
#14 D:\CodeIgniter\travelaz\public\index.php(59): CodeIgniter\Boot::bootWeb(Object(Config\Paths))
#15 {main}
CRITICAL - 2025-11-16 13:30:26 --> CodeIgniter\Database\Exceptions\DatabaseException: Unknown column 'parentId' in 'where clause'
[Method: POST, Route: api/v1/items]
in SYSTEMPATH\Database\BaseConnection.php on line 684.
 1 SYSTEMPATH\Database\BaseBuilder.php(1649): CodeIgniter\Database\BaseConnection->query('SELECT `location_sources`.*, `locations`.`parent_id` as `parent_id`
FROM `location_sources`
LEFT JOIN `locations` ON `locations`.`id` = `location_sources`.`location_id`
WHERE `source_id` = :source_id:
AND `location_source_id` = :location_source_id:
AND `parentId` IS NULL
 LIMIT 1', [...], false)
 2 SYSTEMPATH\Model.php(330): CodeIgniter\Database\BaseBuilder->get()
 3 SYSTEMPATH\BaseModel.php(715): CodeIgniter\Model->doFirst()
 4 APPPATH\Models\LocationModel.php(54): CodeIgniter\BaseModel->first()
 5 APPPATH\Controllers\Api\V1\Items.php(239): App\Models\LocationModel->findBySource([...], 19)
 6 APPPATH\Controllers\Api\V1\Items.php(105): App\Controllers\Api\V1\Items->addKlookItem(Object(stdClass), [...], [...])
 7 SYSTEMPATH\CodeIgniter.php(933): App\Controllers\Api\V1\Items->create()
 8 SYSTEMPATH\CodeIgniter.php(507): CodeIgniter\CodeIgniter->runController(Object(App\Controllers\Api\V1\Items))
 9 SYSTEMPATH\CodeIgniter.php(354): CodeIgniter\CodeIgniter->handleRequest(null, Object(Config\Cache), false)
10 SYSTEMPATH\Boot.php(363): CodeIgniter\CodeIgniter->run()
11 SYSTEMPATH\Boot.php(68): CodeIgniter\Boot::runCodeIgniter(Object(CodeIgniter\CodeIgniter))
12 FCPATH\index.php(59): CodeIgniter\Boot::bootWeb(Object(Config\Paths))
CRITICAL - 2025-11-16 13:30:26 --> [Caused by] CodeIgniter\Database\Exceptions\DatabaseException: Unknown column 'parentId' in 'where clause'
in SYSTEMPATH\Database\MySQLi\Connection.php on line 332.
 1 SYSTEMPATH\Database\BaseConnection.php(729): CodeIgniter\Database\MySQLi\Connection->execute('SELECT `location_sources`.*, `locations`.`parent_id` as `parent_id`
FROM `location_sources`
LEFT JOIN `locations` ON `locations`.`id` = `location_sources`.`location_id`
WHERE `source_id` = \'2\'
AND `location_source_id` = 19
AND `parentId` IS NULL
 LIMIT 1')
 2 SYSTEMPATH\Database\BaseConnection.php(646): CodeIgniter\Database\BaseConnection->simpleQuery('SELECT `location_sources`.*, `locations`.`parent_id` as `parent_id`
FROM `location_sources`
LEFT JOIN `locations` ON `locations`.`id` = `location_sources`.`location_id`
WHERE `source_id` = \'2\'
AND `location_source_id` = 19
AND `parentId` IS NULL
 LIMIT 1')
 3 SYSTEMPATH\Database\BaseBuilder.php(1649): CodeIgniter\Database\BaseConnection->query('SELECT `location_sources`.*, `locations`.`parent_id` as `parent_id`
FROM `location_sources`
LEFT JOIN `locations` ON `locations`.`id` = `location_sources`.`location_id`
WHERE `source_id` = :source_id:
AND `location_source_id` = :location_source_id:
AND `parentId` IS NULL
 LIMIT 1', [...], false)
 4 SYSTEMPATH\Model.php(330): CodeIgniter\Database\BaseBuilder->get()
 5 SYSTEMPATH\BaseModel.php(715): CodeIgniter\Model->doFirst()
 6 APPPATH\Models\LocationModel.php(54): CodeIgniter\BaseModel->first()
 7 APPPATH\Controllers\Api\V1\Items.php(239): App\Models\LocationModel->findBySource([...], 19)
 8 APPPATH\Controllers\Api\V1\Items.php(105): App\Controllers\Api\V1\Items->addKlookItem(Object(stdClass), [...], [...])
 9 SYSTEMPATH\CodeIgniter.php(933): App\Controllers\Api\V1\Items->create()
10 SYSTEMPATH\CodeIgniter.php(507): CodeIgniter\CodeIgniter->runController(Object(App\Controllers\Api\V1\Items))
11 SYSTEMPATH\CodeIgniter.php(354): CodeIgniter\CodeIgniter->handleRequest(null, Object(Config\Cache), false)
12 SYSTEMPATH\Boot.php(363): CodeIgniter\CodeIgniter->run()
13 SYSTEMPATH\Boot.php(68): CodeIgniter\Boot::runCodeIgniter(Object(CodeIgniter\CodeIgniter))
14 FCPATH\index.php(59): CodeIgniter\Boot::bootWeb(Object(Config\Paths))
CRITICAL - 2025-11-16 13:30:26 --> [Caused by] mysqli_sql_exception: Unknown column 'parentId' in 'where clause'
in SYSTEMPATH\Database\MySQLi\Connection.php on line 327.
 1 SYSTEMPATH\Database\MySQLi\Connection.php(327): mysqli->query('SELECT `location_sources`.*, `locations`.`parent_id` as `parent_id`
FROM `location_sources`
LEFT JOIN `locations` ON `locations`.`id` = `location_sources`.`location_id`
WHERE `source_id` = \'2\'
AND `location_source_id` = 19
AND `parentId` IS NULL
 LIMIT 1', 0)
 2 SYSTEMPATH\Database\BaseConnection.php(729): CodeIgniter\Database\MySQLi\Connection->execute('SELECT `location_sources`.*, `locations`.`parent_id` as `parent_id`
FROM `location_sources`
LEFT JOIN `locations` ON `locations`.`id` = `location_sources`.`location_id`
WHERE `source_id` = \'2\'
AND `location_source_id` = 19
AND `parentId` IS NULL
 LIMIT 1')
 3 SYSTEMPATH\Database\BaseConnection.php(646): CodeIgniter\Database\BaseConnection->simpleQuery('SELECT `location_sources`.*, `locations`.`parent_id` as `parent_id`
FROM `location_sources`
LEFT JOIN `locations` ON `locations`.`id` = `location_sources`.`location_id`
WHERE `source_id` = \'2\'
AND `location_source_id` = 19
AND `parentId` IS NULL
 LIMIT 1')
 4 SYSTEMPATH\Database\BaseBuilder.php(1649): CodeIgniter\Database\BaseConnection->query('SELECT `location_sources`.*, `locations`.`parent_id` as `parent_id`
FROM `location_sources`
LEFT JOIN `locations` ON `locations`.`id` = `location_sources`.`location_id`
WHERE `source_id` = :source_id:
AND `location_source_id` = :location_source_id:
AND `parentId` IS NULL
 LIMIT 1', [...], false)
 5 SYSTEMPATH\Model.php(330): CodeIgniter\Database\BaseBuilder->get()
 6 SYSTEMPATH\BaseModel.php(715): CodeIgniter\Model->doFirst()
 7 APPPATH\Models\LocationModel.php(54): CodeIgniter\BaseModel->first()
 8 APPPATH\Controllers\Api\V1\Items.php(239): App\Models\LocationModel->findBySource([...], 19)
 9 APPPATH\Controllers\Api\V1\Items.php(105): App\Controllers\Api\V1\Items->addKlookItem(Object(stdClass), [...], [...])
10 SYSTEMPATH\CodeIgniter.php(933): App\Controllers\Api\V1\Items->create()
11 SYSTEMPATH\CodeIgniter.php(507): CodeIgniter\CodeIgniter->runController(Object(App\Controllers\Api\V1\Items))
12 SYSTEMPATH\CodeIgniter.php(354): CodeIgniter\CodeIgniter->handleRequest(null, Object(Config\Cache), false)
13 SYSTEMPATH\Boot.php(363): CodeIgniter\CodeIgniter->run()
14 SYSTEMPATH\Boot.php(68): CodeIgniter\Boot::runCodeIgniter(Object(CodeIgniter\CodeIgniter))
15 FCPATH\index.php(59): CodeIgniter\Boot::bootWeb(Object(Config\Paths))
DEBUG - 2025-11-16 13:32:41 --> Session: Class initialized using 'CodeIgniter\Session\Handlers\FileHandler' driver.
DEBUG - 2025-11-16 13:32:42 --> User logged in: admin
DEBUG - 2025-11-16 13:32:42 --> Session: Class initialized using 'CodeIgniter\Session\Handlers\FileHandler' driver.
DEBUG - 2025-11-16 13:32:43 --> Session: Class initialized using 'CodeIgniter\Session\Handlers\FileHandler' driver.
DEBUG - 2025-11-16 13:32:46 --> Session: Class initialized using 'CodeIgniter\Session\Handlers\FileHandler' driver.
DEBUG - 2025-11-16 13:32:48 --> Session: Class initialized using 'CodeIgniter\Session\Handlers\FileHandler' driver.
DEBUG - 2025-11-16 13:32:50 --> Session: Class initialized using 'CodeIgniter\Session\Handlers\FileHandler' driver.
DEBUG - 2025-11-16 13:32:52 --> Session: Class initialized using 'CodeIgniter\Session\Handlers\FileHandler' driver.
