CRITICAL - 2025-11-18 08:38:43 --> CodeIgniter\Cache\Exceptions\CacheException: Cache unable to write to "D:\CodeIgniter\travelaz\writable\cache/".
[Method: GET, Route: vi-VN/hotels/a/3043294-ksl-hotel-resort]
in SYSTEMPATH\Cache\Handlers\FileHandler.php on line 66.
 1 SYSTEMPATH\Cache\Handlers\FileHandler.php(66): CodeIgniter\Cache\Exceptions\CacheException::forUnableToWrite('D:\\CodeIgniter\\travelaz\\writable\\cache/')
 2 SYSTEMPATH\Cache\CacheFactory.php(67): CodeIgniter\Cache\Handlers\FileHandler->__construct(Object(Config\Cache))
 3 SYSTEMPATH\Config\Services.php(129): CodeIgniter\Cache\CacheFactory::getHandler(Object(Config\Cache))
 4 SYSTEMPATH\Config\BaseService.php(312): CodeIgniter\Config\Services::cache(Object(Config\Cache), false)
 5 SYSTEMPATH\Config\BaseService.php(251): CodeIgniter\Config\BaseService::__callStatic('cache', [...])
 6 SYSTEMPATH\Config\Services.php(124): CodeIgniter\Config\BaseService::getSharedInstance('cache', null)
 7 SYSTEMPATH\Config\BaseService.php(321): CodeIgniter\Config\Services::cache()
 8 SYSTEMPATH\Config\BaseService.php(202): CodeIgniter\Config\BaseService::__callStatic('cache', [])
 9 SYSTEMPATH\Config\Services.php(454): CodeIgniter\Config\BaseService::get('cache')
10 SYSTEMPATH\Config\BaseService.php(312): CodeIgniter\Config\Services::responsecache(Object(Config\Cache), null, false)
11 SYSTEMPATH\Config\BaseService.php(251): CodeIgniter\Config\BaseService::__callStatic('responsecache', [...])
12 SYSTEMPATH\Config\Services.php(450): CodeIgniter\Config\BaseService::getSharedInstance('responsecache', null, null)
13 SYSTEMPATH\Config\BaseService.php(321): CodeIgniter\Config\Services::responsecache()
14 SYSTEMPATH\CodeIgniter.php(178): CodeIgniter\Config\BaseService::__callStatic('responsecache', [])
15 SYSTEMPATH\Config\Services.php(164): CodeIgniter\CodeIgniter->__construct(Object(Config\App))
16 SYSTEMPATH\Config\BaseService.php(312): CodeIgniter\Config\Services::codeigniter(Object(Config\App), false)
17 SYSTEMPATH\Config\BaseService.php(251): CodeIgniter\Config\BaseService::__callStatic('codeigniter', [...])
18 SYSTEMPATH\Config\Services.php(159): CodeIgniter\Config\BaseService::getSharedInstance('codeigniter', null)
19 SYSTEMPATH\Config\BaseService.php(321): CodeIgniter\Config\Services::codeigniter()
20 SYSTEMPATH\Config\BaseService.php(202): CodeIgniter\Config\BaseService::__callStatic('codeigniter', [])
21 SYSTEMPATH\Common.php(995): CodeIgniter\Config\BaseService::get('codeigniter')
22 SYSTEMPATH\Boot.php(349): service('codeigniter')
23 SYSTEMPATH\Boot.php(67): CodeIgniter\Boot::initializeCodeIgniter()
24 FCPATH\index.php(59): CodeIgniter\Boot::bootWeb(Object(Config\Paths))
CRITICAL - 2025-11-18 08:38:43 --> CodeIgniter\Cache\Exceptions\CacheException: Cache unable to write to "D:\CodeIgniter\travelaz\writable\cache/".
[Method: GET, Route: .well-known/appspecific/com.chrome.devtools.json]
in SYSTEMPATH\Cache\Handlers\FileHandler.php on line 66.
 1 SYSTEMPATH\Cache\Handlers\FileHandler.php(66): CodeIgniter\Cache\Exceptions\CacheException::forUnableToWrite('D:\\CodeIgniter\\travelaz\\writable\\cache/')
 2 SYSTEMPATH\Cache\CacheFactory.php(67): CodeIgniter\Cache\Handlers\FileHandler->__construct(Object(Config\Cache))
 3 SYSTEMPATH\Config\Services.php(129): CodeIgniter\Cache\CacheFactory::getHandler(Object(Config\Cache))
 4 SYSTEMPATH\Config\BaseService.php(312): CodeIgniter\Config\Services::cache(Object(Config\Cache), false)
 5 SYSTEMPATH\Config\BaseService.php(251): CodeIgniter\Config\BaseService::__callStatic('cache', [...])
 6 SYSTEMPATH\Config\Services.php(124): CodeIgniter\Config\BaseService::getSharedInstance('cache', null)
 7 SYSTEMPATH\Config\BaseService.php(321): CodeIgniter\Config\Services::cache()
 8 SYSTEMPATH\Config\BaseService.php(202): CodeIgniter\Config\BaseService::__callStatic('cache', [])
 9 SYSTEMPATH\Config\Services.php(454): CodeIgniter\Config\BaseService::get('cache')
10 SYSTEMPATH\Config\BaseService.php(312): CodeIgniter\Config\Services::responsecache(Object(Config\Cache), null, false)
11 SYSTEMPATH\Config\BaseService.php(251): CodeIgniter\Config\BaseService::__callStatic('responsecache', [...])
12 SYSTEMPATH\Config\Services.php(450): CodeIgniter\Config\BaseService::getSharedInstance('responsecache', null, null)
13 SYSTEMPATH\Config\BaseService.php(321): CodeIgniter\Config\Services::responsecache()
14 SYSTEMPATH\CodeIgniter.php(178): CodeIgniter\Config\BaseService::__callStatic('responsecache', [])
15 SYSTEMPATH\Config\Services.php(164): CodeIgniter\CodeIgniter->__construct(Object(Config\App))
16 SYSTEMPATH\Config\BaseService.php(312): CodeIgniter\Config\Services::codeigniter(Object(Config\App), false)
17 SYSTEMPATH\Config\BaseService.php(251): CodeIgniter\Config\BaseService::__callStatic('codeigniter', [...])
18 SYSTEMPATH\Config\Services.php(159): CodeIgniter\Config\BaseService::getSharedInstance('codeigniter', null)
19 SYSTEMPATH\Config\BaseService.php(321): CodeIgniter\Config\Services::codeigniter()
20 SYSTEMPATH\Config\BaseService.php(202): CodeIgniter\Config\BaseService::__callStatic('codeigniter', [])
21 SYSTEMPATH\Common.php(995): CodeIgniter\Config\BaseService::get('codeigniter')
22 SYSTEMPATH\Boot.php(349): service('codeigniter')
23 SYSTEMPATH\Boot.php(67): CodeIgniter\Boot::initializeCodeIgniter()
24 FCPATH\index.php(59): CodeIgniter\Boot::bootWeb(Object(Config\Paths))
CRITICAL - 2025-11-18 01:40:34 --> ErrorException: Undefined variable $base_data
[Method: GET, Route: vi-VN/hotels/a/3043294-ksl-hotel-resort]
in APPPATH\Views\errors\custom_404.php on line 1.
 1 APPPATH\Views\errors\custom_404.php(1): CodeIgniter\Debug\Exceptions->errorHandler(2, 'Undefined variable $base_data', 'D:\\CodeIgniter\\travelaz\\app\\Views\\errors\\custom_404.php', 1)
 2 SYSTEMPATH\View\View.php(226): include('D:\\CodeIgniter\\travelaz\\app\\Views\\errors\\custom_404.php')
 3 SYSTEMPATH\View\View.php(229): CodeIgniter\View\View->{closure:CodeIgniter\View\View::render():223}()
 4 SYSTEMPATH\Common.php(1167): CodeIgniter\View\View->render('errors/custom_404', [], true)
 5 APPPATH\Config\Routes.php(163): view('errors/custom_404')
 6 SYSTEMPATH\CodeIgniter.php(957): CodeIgniter\Router\RouteCollection->{closure:{closure:D:\CodeIgniter\travelaz\app\Config\Routes.php:132}:162}('Page Not Found')
 7 SYSTEMPATH\CodeIgniter.php(360): CodeIgniter\CodeIgniter->display404errors(Object(CodeIgniter\Exceptions\PageNotFoundException))
 8 SYSTEMPATH\Boot.php(363): CodeIgniter\CodeIgniter->run()
 9 SYSTEMPATH\Boot.php(68): CodeIgniter\Boot::runCodeIgniter(Object(CodeIgniter\CodeIgniter))
10 FCPATH\index.php(59): CodeIgniter\Boot::bootWeb(Object(Config\Paths))
CRITICAL - 2025-11-18 01:40:34 --> ErrorException: Undefined variable $base_data
[Method: GET, Route: .well-known/appspecific/com.chrome.devtools.json]
in APPPATH\Views\errors\custom_404.php on line 1.
 1 APPPATH\Views\errors\custom_404.php(1): CodeIgniter\Debug\Exceptions->errorHandler(2, 'Undefined variable $base_data', 'D:\\CodeIgniter\\travelaz\\app\\Views\\errors\\custom_404.php', 1)
 2 SYSTEMPATH\View\View.php(226): include('D:\\CodeIgniter\\travelaz\\app\\Views\\errors\\custom_404.php')
 3 SYSTEMPATH\View\View.php(229): CodeIgniter\View\View->{closure:CodeIgniter\View\View::render():223}()
 4 SYSTEMPATH\Common.php(1167): CodeIgniter\View\View->render('errors/custom_404', [], true)
 5 APPPATH\Config\Routes.php(163): view('errors/custom_404')
 6 SYSTEMPATH\CodeIgniter.php(957): CodeIgniter\Router\RouteCollection->{closure:{closure:D:\CodeIgniter\travelaz\app\Config\Routes.php:132}:162}('Can\'t find a route for \'GET: .well-known/appspecific/com.chrome.devtools.json\'.')
 7 SYSTEMPATH\CodeIgniter.php(360): CodeIgniter\CodeIgniter->display404errors(Object(CodeIgniter\Exceptions\PageNotFoundException))
 8 SYSTEMPATH\Boot.php(363): CodeIgniter\CodeIgniter->run()
 9 SYSTEMPATH\Boot.php(68): CodeIgniter\Boot::runCodeIgniter(Object(CodeIgniter\CodeIgniter))
10 FCPATH\index.php(59): CodeIgniter\Boot::bootWeb(Object(Config\Paths))
CRITICAL - 2025-11-18 01:41:13 --> ErrorException: Undefined variable $base_data
[Method: GET, Route: vi-VN/hotels/a/3043294-ksl-hotel-resort]
in APPPATH\Views\layout\header.php on line 9.
 1 APPPATH\Views\layout\header.php(9): CodeIgniter\Debug\Exceptions->errorHandler(2, 'Undefined variable $base_data', 'D:\\CodeIgniter\\travelaz\\app\\Views\\layout\\header.php', 9)
 2 SYSTEMPATH\View\View.php(226): include('D:\\CodeIgniter\\travelaz\\app\\Views\\layout\\header.php')
 3 SYSTEMPATH\View\View.php(229): CodeIgniter\View\View->{closure:CodeIgniter\View\View::render():223}()
 4 SYSTEMPATH\View\View.php(475): CodeIgniter\View\View->render('layout/header', null, true)
 5 APPPATH\Views\errors\custom_404.php(1): CodeIgniter\View\View->include('layout/header', null)
 6 SYSTEMPATH\View\View.php(226): include('D:\\CodeIgniter\\travelaz\\app\\Views\\errors\\custom_404.php')
 7 SYSTEMPATH\View\View.php(229): CodeIgniter\View\View->{closure:CodeIgniter\View\View::render():223}()
 8 SYSTEMPATH\Common.php(1167): CodeIgniter\View\View->render('errors/custom_404', [], true)
 9 APPPATH\Config\Routes.php(163): view('errors/custom_404')
10 SYSTEMPATH\CodeIgniter.php(957): CodeIgniter\Router\RouteCollection->{closure:{closure:D:\CodeIgniter\travelaz\app\Config\Routes.php:132}:162}('Page Not Found')
11 SYSTEMPATH\CodeIgniter.php(360): CodeIgniter\CodeIgniter->display404errors(Object(CodeIgniter\Exceptions\PageNotFoundException))
12 SYSTEMPATH\Boot.php(363): CodeIgniter\CodeIgniter->run()
13 SYSTEMPATH\Boot.php(68): CodeIgniter\Boot::runCodeIgniter(Object(CodeIgniter\CodeIgniter))
14 FCPATH\index.php(59): CodeIgniter\Boot::bootWeb(Object(Config\Paths))
CRITICAL - 2025-11-18 01:41:13 --> ErrorException: Undefined variable $base_data
[Method: GET, Route: .well-known/appspecific/com.chrome.devtools.json]
in APPPATH\Views\layout\header.php on line 9.
 1 APPPATH\Views\layout\header.php(9): CodeIgniter\Debug\Exceptions->errorHandler(2, 'Undefined variable $base_data', 'D:\\CodeIgniter\\travelaz\\app\\Views\\layout\\header.php', 9)
 2 SYSTEMPATH\View\View.php(226): include('D:\\CodeIgniter\\travelaz\\app\\Views\\layout\\header.php')
 3 SYSTEMPATH\View\View.php(229): CodeIgniter\View\View->{closure:CodeIgniter\View\View::render():223}()
 4 SYSTEMPATH\View\View.php(475): CodeIgniter\View\View->render('layout/header', null, true)
 5 APPPATH\Views\errors\custom_404.php(1): CodeIgniter\View\View->include('layout/header', null)
 6 SYSTEMPATH\View\View.php(226): include('D:\\CodeIgniter\\travelaz\\app\\Views\\errors\\custom_404.php')
 7 SYSTEMPATH\View\View.php(229): CodeIgniter\View\View->{closure:CodeIgniter\View\View::render():223}()
 8 SYSTEMPATH\Common.php(1167): CodeIgniter\View\View->render('errors/custom_404', [], true)
 9 APPPATH\Config\Routes.php(163): view('errors/custom_404')
10 SYSTEMPATH\CodeIgniter.php(957): CodeIgniter\Router\RouteCollection->{closure:{closure:D:\CodeIgniter\travelaz\app\Config\Routes.php:132}:162}('Can\'t find a route for \'GET: .well-known/appspecific/com.chrome.devtools.json\'.')
11 SYSTEMPATH\CodeIgniter.php(360): CodeIgniter\CodeIgniter->display404errors(Object(CodeIgniter\Exceptions\PageNotFoundException))
12 SYSTEMPATH\Boot.php(363): CodeIgniter\CodeIgniter->run()
13 SYSTEMPATH\Boot.php(68): CodeIgniter\Boot::runCodeIgniter(Object(CodeIgniter\CodeIgniter))
14 FCPATH\index.php(59): CodeIgniter\Boot::bootWeb(Object(Config\Paths))
CRITICAL - 2025-11-18 01:45:52 --> ErrorException: Undefined variable $base_data
[Method: GET, Route: vi-VN/hotels/a/3043294-ksl-hotel-resort]
in APPPATH\Views\layout\header.php on line 9.
 1 APPPATH\Views\layout\header.php(9): CodeIgniter\Debug\Exceptions->errorHandler(2, 'Undefined variable $base_data', 'D:\\CodeIgniter\\travelaz\\app\\Views\\layout\\header.php', 9)
 2 SYSTEMPATH\View\View.php(226): include('D:\\CodeIgniter\\travelaz\\app\\Views\\layout\\header.php')
 3 SYSTEMPATH\View\View.php(229): CodeIgniter\View\View->{closure:CodeIgniter\View\View::render():223}()
 4 SYSTEMPATH\View\View.php(475): CodeIgniter\View\View->render('layout/header', [...], true)
 5 APPPATH\Views\errors\custom_404.php(8): CodeIgniter\View\View->include('layout/header', [...])
 6 SYSTEMPATH\View\View.php(226): include('D:\\CodeIgniter\\travelaz\\app\\Views\\errors\\custom_404.php')
 7 SYSTEMPATH\View\View.php(229): CodeIgniter\View\View->{closure:CodeIgniter\View\View::render():223}()
 8 SYSTEMPATH\Common.php(1167): CodeIgniter\View\View->render('errors/custom_404', [], true)
 9 APPPATH\Config\Routes.php(163): view('errors/custom_404')
10 SYSTEMPATH\CodeIgniter.php(957): CodeIgniter\Router\RouteCollection->{closure:{closure:D:\CodeIgniter\travelaz\app\Config\Routes.php:132}:162}('Page Not Found')
11 SYSTEMPATH\CodeIgniter.php(360): CodeIgniter\CodeIgniter->display404errors(Object(CodeIgniter\Exceptions\PageNotFoundException))
12 SYSTEMPATH\Boot.php(363): CodeIgniter\CodeIgniter->run()
13 SYSTEMPATH\Boot.php(68): CodeIgniter\Boot::runCodeIgniter(Object(CodeIgniter\CodeIgniter))
14 FCPATH\index.php(59): CodeIgniter\Boot::bootWeb(Object(Config\Paths))
CRITICAL - 2025-11-18 01:45:52 --> ErrorException: Undefined variable $base_data
[Method: GET, Route: .well-known/appspecific/com.chrome.devtools.json]
in APPPATH\Views\layout\header.php on line 9.
 1 APPPATH\Views\layout\header.php(9): CodeIgniter\Debug\Exceptions->errorHandler(2, 'Undefined variable $base_data', 'D:\\CodeIgniter\\travelaz\\app\\Views\\layout\\header.php', 9)
 2 SYSTEMPATH\View\View.php(226): include('D:\\CodeIgniter\\travelaz\\app\\Views\\layout\\header.php')
 3 SYSTEMPATH\View\View.php(229): CodeIgniter\View\View->{closure:CodeIgniter\View\View::render():223}()
 4 SYSTEMPATH\View\View.php(475): CodeIgniter\View\View->render('layout/header', [...], true)
 5 APPPATH\Views\errors\custom_404.php(8): CodeIgniter\View\View->include('layout/header', [...])
 6 SYSTEMPATH\View\View.php(226): include('D:\\CodeIgniter\\travelaz\\app\\Views\\errors\\custom_404.php')
 7 SYSTEMPATH\View\View.php(229): CodeIgniter\View\View->{closure:CodeIgniter\View\View::render():223}()
 8 SYSTEMPATH\Common.php(1167): CodeIgniter\View\View->render('errors/custom_404', [], true)
 9 APPPATH\Config\Routes.php(163): view('errors/custom_404')
10 SYSTEMPATH\CodeIgniter.php(957): CodeIgniter\Router\RouteCollection->{closure:{closure:D:\CodeIgniter\travelaz\app\Config\Routes.php:132}:162}('Can\'t find a route for \'GET: .well-known/appspecific/com.chrome.devtools.json\'.')
11 SYSTEMPATH\CodeIgniter.php(360): CodeIgniter\CodeIgniter->display404errors(Object(CodeIgniter\Exceptions\PageNotFoundException))
12 SYSTEMPATH\Boot.php(363): CodeIgniter\CodeIgniter->run()
13 SYSTEMPATH\Boot.php(68): CodeIgniter\Boot::runCodeIgniter(Object(CodeIgniter\CodeIgniter))
14 FCPATH\index.php(59): CodeIgniter\Boot::bootWeb(Object(Config\Paths))
CRITICAL - 2025-11-18 01:46:34 --> ErrorException: Undefined variable $base_data
[Method: GET, Route: vi-VN/hotels/a/3043294-ksl-hotel-resort]
in APPPATH\Views\layout\header.php on line 9.
 1 APPPATH\Views\layout\header.php(9): CodeIgniter\Debug\Exceptions->errorHandler(2, 'Undefined variable $base_data', 'D:\\CodeIgniter\\travelaz\\app\\Views\\layout\\header.php', 9)
 2 SYSTEMPATH\View\View.php(226): include('D:\\CodeIgniter\\travelaz\\app\\Views\\layout\\header.php')
 3 SYSTEMPATH\View\View.php(229): CodeIgniter\View\View->{closure:CodeIgniter\View\View::render():223}()
 4 SYSTEMPATH\View\View.php(475): CodeIgniter\View\View->render('layout/header', [...], true)
 5 APPPATH\Views\errors\custom_404.php(8): CodeIgniter\View\View->include('layout/header', [...])
 6 SYSTEMPATH\View\View.php(226): include('D:\\CodeIgniter\\travelaz\\app\\Views\\errors\\custom_404.php')
 7 SYSTEMPATH\View\View.php(229): CodeIgniter\View\View->{closure:CodeIgniter\View\View::render():223}()
 8 SYSTEMPATH\Common.php(1167): CodeIgniter\View\View->render('errors/custom_404', [], true)
 9 APPPATH\Config\Routes.php(163): view('errors/custom_404')
10 SYSTEMPATH\CodeIgniter.php(957): CodeIgniter\Router\RouteCollection->{closure:{closure:D:\CodeIgniter\travelaz\app\Config\Routes.php:132}:162}('Page Not Found')
11 SYSTEMPATH\CodeIgniter.php(360): CodeIgniter\CodeIgniter->display404errors(Object(CodeIgniter\Exceptions\PageNotFoundException))
12 SYSTEMPATH\Boot.php(363): CodeIgniter\CodeIgniter->run()
13 SYSTEMPATH\Boot.php(68): CodeIgniter\Boot::runCodeIgniter(Object(CodeIgniter\CodeIgniter))
14 FCPATH\index.php(59): CodeIgniter\Boot::bootWeb(Object(Config\Paths))
CRITICAL - 2025-11-18 01:46:35 --> ErrorException: Undefined variable $base_data
[Method: GET, Route: .well-known/appspecific/com.chrome.devtools.json]
in APPPATH\Views\layout\header.php on line 9.
 1 APPPATH\Views\layout\header.php(9): CodeIgniter\Debug\Exceptions->errorHandler(2, 'Undefined variable $base_data', 'D:\\CodeIgniter\\travelaz\\app\\Views\\layout\\header.php', 9)
 2 SYSTEMPATH\View\View.php(226): include('D:\\CodeIgniter\\travelaz\\app\\Views\\layout\\header.php')
 3 SYSTEMPATH\View\View.php(229): CodeIgniter\View\View->{closure:CodeIgniter\View\View::render():223}()
 4 SYSTEMPATH\View\View.php(475): CodeIgniter\View\View->render('layout/header', [...], true)
 5 APPPATH\Views\errors\custom_404.php(8): CodeIgniter\View\View->include('layout/header', [...])
 6 SYSTEMPATH\View\View.php(226): include('D:\\CodeIgniter\\travelaz\\app\\Views\\errors\\custom_404.php')
 7 SYSTEMPATH\View\View.php(229): CodeIgniter\View\View->{closure:CodeIgniter\View\View::render():223}()
 8 SYSTEMPATH\Common.php(1167): CodeIgniter\View\View->render('errors/custom_404', [], true)
 9 APPPATH\Config\Routes.php(163): view('errors/custom_404')
10 SYSTEMPATH\CodeIgniter.php(957): CodeIgniter\Router\RouteCollection->{closure:{closure:D:\CodeIgniter\travelaz\app\Config\Routes.php:132}:162}('Can\'t find a route for \'GET: .well-known/appspecific/com.chrome.devtools.json\'.')
11 SYSTEMPATH\CodeIgniter.php(360): CodeIgniter\CodeIgniter->display404errors(Object(CodeIgniter\Exceptions\PageNotFoundException))
12 SYSTEMPATH\Boot.php(363): CodeIgniter\CodeIgniter->run()
13 SYSTEMPATH\Boot.php(68): CodeIgniter\Boot::runCodeIgniter(Object(CodeIgniter\CodeIgniter))
14 FCPATH\index.php(59): CodeIgniter\Boot::bootWeb(Object(Config\Paths))
CRITICAL - 2025-11-18 01:47:43 --> ErrorException: Undefined variable $base_data
[Method: GET, Route: vi-VN/hotels/a/3043294-ksl-hotel-resort]
in APPPATH\Views\layout\header.php on line 9.
 1 APPPATH\Views\layout\header.php(9): CodeIgniter\Debug\Exceptions->errorHandler(2, 'Undefined variable $base_data', 'D:\\CodeIgniter\\travelaz\\app\\Views\\layout\\header.php', 9)
 2 SYSTEMPATH\View\View.php(226): include('D:\\CodeIgniter\\travelaz\\app\\Views\\layout\\header.php')
 3 SYSTEMPATH\View\View.php(229): CodeIgniter\View\View->{closure:CodeIgniter\View\View::render():223}()
 4 SYSTEMPATH\View\View.php(475): CodeIgniter\View\View->render('layout/header', [...], true)
 5 APPPATH\Views\errors\custom_404.php(8): CodeIgniter\View\View->include('layout/header', [...])
 6 SYSTEMPATH\View\View.php(226): include('D:\\CodeIgniter\\travelaz\\app\\Views\\errors\\custom_404.php')
 7 SYSTEMPATH\View\View.php(229): CodeIgniter\View\View->{closure:CodeIgniter\View\View::render():223}()
 8 SYSTEMPATH\Common.php(1167): CodeIgniter\View\View->render('errors/custom_404', [], true)
 9 APPPATH\Config\Routes.php(163): view('errors/custom_404')
10 SYSTEMPATH\CodeIgniter.php(957): CodeIgniter\Router\RouteCollection->{closure:{closure:D:\CodeIgniter\travelaz\app\Config\Routes.php:132}:162}('Page Not Found')
11 SYSTEMPATH\CodeIgniter.php(360): CodeIgniter\CodeIgniter->display404errors(Object(CodeIgniter\Exceptions\PageNotFoundException))
12 SYSTEMPATH\Boot.php(363): CodeIgniter\CodeIgniter->run()
13 SYSTEMPATH\Boot.php(68): CodeIgniter\Boot::runCodeIgniter(Object(CodeIgniter\CodeIgniter))
14 FCPATH\index.php(59): CodeIgniter\Boot::bootWeb(Object(Config\Paths))
CRITICAL - 2025-11-18 01:47:43 --> ErrorException: Undefined variable $base_data
[Method: GET, Route: .well-known/appspecific/com.chrome.devtools.json]
in APPPATH\Views\layout\header.php on line 9.
 1 APPPATH\Views\layout\header.php(9): CodeIgniter\Debug\Exceptions->errorHandler(2, 'Undefined variable $base_data', 'D:\\CodeIgniter\\travelaz\\app\\Views\\layout\\header.php', 9)
 2 SYSTEMPATH\View\View.php(226): include('D:\\CodeIgniter\\travelaz\\app\\Views\\layout\\header.php')
 3 SYSTEMPATH\View\View.php(229): CodeIgniter\View\View->{closure:CodeIgniter\View\View::render():223}()
 4 SYSTEMPATH\View\View.php(475): CodeIgniter\View\View->render('layout/header', [...], true)
 5 APPPATH\Views\errors\custom_404.php(8): CodeIgniter\View\View->include('layout/header', [...])
 6 SYSTEMPATH\View\View.php(226): include('D:\\CodeIgniter\\travelaz\\app\\Views\\errors\\custom_404.php')
 7 SYSTEMPATH\View\View.php(229): CodeIgniter\View\View->{closure:CodeIgniter\View\View::render():223}()
 8 SYSTEMPATH\Common.php(1167): CodeIgniter\View\View->render('errors/custom_404', [], true)
 9 APPPATH\Config\Routes.php(163): view('errors/custom_404')
10 SYSTEMPATH\CodeIgniter.php(957): CodeIgniter\Router\RouteCollection->{closure:{closure:D:\CodeIgniter\travelaz\app\Config\Routes.php:132}:162}('Can\'t find a route for \'GET: .well-known/appspecific/com.chrome.devtools.json\'.')
11 SYSTEMPATH\CodeIgniter.php(360): CodeIgniter\CodeIgniter->display404errors(Object(CodeIgniter\Exceptions\PageNotFoundException))
12 SYSTEMPATH\Boot.php(363): CodeIgniter\CodeIgniter->run()
13 SYSTEMPATH\Boot.php(68): CodeIgniter\Boot::runCodeIgniter(Object(CodeIgniter\CodeIgniter))
14 FCPATH\index.php(59): CodeIgniter\Boot::bootWeb(Object(Config\Paths))
CRITICAL - 2025-11-18 01:50:19 --> ErrorException: Undefined variable $base_data
[Method: GET, Route: vi-VN/hotels/a/3043294-ksl-hotel-resort]
in APPPATH\Views\layout\header.php on line 9.
 1 APPPATH\Views\layout\header.php(9): CodeIgniter\Debug\Exceptions->errorHandler(2, 'Undefined variable $base_data', 'D:\\CodeIgniter\\travelaz\\app\\Views\\layout\\header.php', 9)
 2 SYSTEMPATH\View\View.php(226): include('D:\\CodeIgniter\\travelaz\\app\\Views\\layout\\header.php')
 3 SYSTEMPATH\View\View.php(229): CodeIgniter\View\View->{closure:CodeIgniter\View\View::render():223}()
 4 SYSTEMPATH\View\View.php(475): CodeIgniter\View\View->render('layout/header', [...], true)
 5 APPPATH\Views\errors\custom_404.php(10): CodeIgniter\View\View->include('layout/header', [...])
 6 SYSTEMPATH\View\View.php(226): include('D:\\CodeIgniter\\travelaz\\app\\Views\\errors\\custom_404.php')
 7 SYSTEMPATH\View\View.php(229): CodeIgniter\View\View->{closure:CodeIgniter\View\View::render():223}()
 8 SYSTEMPATH\Common.php(1167): CodeIgniter\View\View->render('errors/custom_404', [], true)
 9 APPPATH\Config\Routes.php(163): view('errors/custom_404')
10 SYSTEMPATH\CodeIgniter.php(957): CodeIgniter\Router\RouteCollection->{closure:{closure:D:\CodeIgniter\travelaz\app\Config\Routes.php:132}:162}('Page Not Found')
11 SYSTEMPATH\CodeIgniter.php(360): CodeIgniter\CodeIgniter->display404errors(Object(CodeIgniter\Exceptions\PageNotFoundException))
12 SYSTEMPATH\Boot.php(363): CodeIgniter\CodeIgniter->run()
13 SYSTEMPATH\Boot.php(68): CodeIgniter\Boot::runCodeIgniter(Object(CodeIgniter\CodeIgniter))
14 FCPATH\index.php(59): CodeIgniter\Boot::bootWeb(Object(Config\Paths))
CRITICAL - 2025-11-18 01:50:19 --> ErrorException: Undefined variable $base_data
[Method: GET, Route: .well-known/appspecific/com.chrome.devtools.json]
in APPPATH\Views\layout\header.php on line 9.
 1 APPPATH\Views\layout\header.php(9): CodeIgniter\Debug\Exceptions->errorHandler(2, 'Undefined variable $base_data', 'D:\\CodeIgniter\\travelaz\\app\\Views\\layout\\header.php', 9)
 2 SYSTEMPATH\View\View.php(226): include('D:\\CodeIgniter\\travelaz\\app\\Views\\layout\\header.php')
 3 SYSTEMPATH\View\View.php(229): CodeIgniter\View\View->{closure:CodeIgniter\View\View::render():223}()
 4 SYSTEMPATH\View\View.php(475): CodeIgniter\View\View->render('layout/header', [...], true)
 5 APPPATH\Views\errors\custom_404.php(10): CodeIgniter\View\View->include('layout/header', [...])
 6 SYSTEMPATH\View\View.php(226): include('D:\\CodeIgniter\\travelaz\\app\\Views\\errors\\custom_404.php')
 7 SYSTEMPATH\View\View.php(229): CodeIgniter\View\View->{closure:CodeIgniter\View\View::render():223}()
 8 SYSTEMPATH\Common.php(1167): CodeIgniter\View\View->render('errors/custom_404', [], true)
 9 APPPATH\Config\Routes.php(163): view('errors/custom_404')
10 SYSTEMPATH\CodeIgniter.php(957): CodeIgniter\Router\RouteCollection->{closure:{closure:D:\CodeIgniter\travelaz\app\Config\Routes.php:132}:162}('Can\'t find a route for \'GET: .well-known/appspecific/com.chrome.devtools.json\'.')
11 SYSTEMPATH\CodeIgniter.php(360): CodeIgniter\CodeIgniter->display404errors(Object(CodeIgniter\Exceptions\PageNotFoundException))
12 SYSTEMPATH\Boot.php(363): CodeIgniter\CodeIgniter->run()
13 SYSTEMPATH\Boot.php(68): CodeIgniter\Boot::runCodeIgniter(Object(CodeIgniter\CodeIgniter))
14 FCPATH\index.php(59): CodeIgniter\Boot::bootWeb(Object(Config\Paths))
CRITICAL - 2025-11-18 01:56:06 --> ErrorException: Undefined variable $base_data
[Method: GET, Route: vi-VN/hotels/a/3043294-ksl-hotel-resort]
in APPPATH\Views\layout\header.php on line 9.
 1 APPPATH\Views\layout\header.php(9): CodeIgniter\Debug\Exceptions->errorHandler(2, 'Undefined variable $base_data', 'D:\\CodeIgniter\\travelaz\\app\\Views\\layout\\header.php', 9)
 2 SYSTEMPATH\View\View.php(226): include('D:\\CodeIgniter\\travelaz\\app\\Views\\layout\\header.php')
 3 SYSTEMPATH\View\View.php(229): CodeIgniter\View\View->{closure:CodeIgniter\View\View::render():223}()
 4 SYSTEMPATH\View\View.php(475): CodeIgniter\View\View->render('layout/header', [...], true)
 5 APPPATH\Views\errors\custom_404.php(10): CodeIgniter\View\View->include('layout/header', [...])
 6 SYSTEMPATH\View\View.php(226): include('D:\\CodeIgniter\\travelaz\\app\\Views\\errors\\custom_404.php')
 7 SYSTEMPATH\View\View.php(229): CodeIgniter\View\View->{closure:CodeIgniter\View\View::render():223}()
 8 SYSTEMPATH\Common.php(1167): CodeIgniter\View\View->render('errors/custom_404', [], true)
 9 APPPATH\Config\Routes.php(163): view('errors/custom_404')
10 SYSTEMPATH\CodeIgniter.php(957): CodeIgniter\Router\RouteCollection->{closure:{closure:D:\CodeIgniter\travelaz\app\Config\Routes.php:132}:162}('Page Not Found')
11 SYSTEMPATH\CodeIgniter.php(360): CodeIgniter\CodeIgniter->display404errors(Object(CodeIgniter\Exceptions\PageNotFoundException))
12 SYSTEMPATH\Boot.php(363): CodeIgniter\CodeIgniter->run()
13 SYSTEMPATH\Boot.php(68): CodeIgniter\Boot::runCodeIgniter(Object(CodeIgniter\CodeIgniter))
14 FCPATH\index.php(59): CodeIgniter\Boot::bootWeb(Object(Config\Paths))
CRITICAL - 2025-11-18 01:56:06 --> ErrorException: Undefined variable $base_data
[Method: GET, Route: .well-known/appspecific/com.chrome.devtools.json]
in APPPATH\Views\layout\header.php on line 9.
 1 APPPATH\Views\layout\header.php(9): CodeIgniter\Debug\Exceptions->errorHandler(2, 'Undefined variable $base_data', 'D:\\CodeIgniter\\travelaz\\app\\Views\\layout\\header.php', 9)
 2 SYSTEMPATH\View\View.php(226): include('D:\\CodeIgniter\\travelaz\\app\\Views\\layout\\header.php')
 3 SYSTEMPATH\View\View.php(229): CodeIgniter\View\View->{closure:CodeIgniter\View\View::render():223}()
 4 SYSTEMPATH\View\View.php(475): CodeIgniter\View\View->render('layout/header', [...], true)
 5 APPPATH\Views\errors\custom_404.php(10): CodeIgniter\View\View->include('layout/header', [...])
 6 SYSTEMPATH\View\View.php(226): include('D:\\CodeIgniter\\travelaz\\app\\Views\\errors\\custom_404.php')
 7 SYSTEMPATH\View\View.php(229): CodeIgniter\View\View->{closure:CodeIgniter\View\View::render():223}()
 8 SYSTEMPATH\Common.php(1167): CodeIgniter\View\View->render('errors/custom_404', [], true)
 9 APPPATH\Config\Routes.php(163): view('errors/custom_404')
10 SYSTEMPATH\CodeIgniter.php(957): CodeIgniter\Router\RouteCollection->{closure:{closure:D:\CodeIgniter\travelaz\app\Config\Routes.php:132}:162}('Can\'t find a route for \'GET: .well-known/appspecific/com.chrome.devtools.json\'.')
11 SYSTEMPATH\CodeIgniter.php(360): CodeIgniter\CodeIgniter->display404errors(Object(CodeIgniter\Exceptions\PageNotFoundException))
12 SYSTEMPATH\Boot.php(363): CodeIgniter\CodeIgniter->run()
13 SYSTEMPATH\Boot.php(68): CodeIgniter\Boot::runCodeIgniter(Object(CodeIgniter\CodeIgniter))
14 FCPATH\index.php(59): CodeIgniter\Boot::bootWeb(Object(Config\Paths))
CRITICAL - 2025-11-18 02:01:40 --> ErrorException: Undefined variable $base_data
[Method: GET, Route: vi-VN/hotels/a/3043294-ksl-hotel-resort]
in APPPATH\Views\errors\custom_404.php on line 1.
 1 APPPATH\Views\errors\custom_404.php(1): CodeIgniter\Debug\Exceptions->errorHandler(2, 'Undefined variable $base_data', 'D:\\CodeIgniter\\travelaz\\app\\Views\\errors\\custom_404.php', 1)
 2 SYSTEMPATH\View\View.php(226): include('D:\\CodeIgniter\\travelaz\\app\\Views\\errors\\custom_404.php')
 3 SYSTEMPATH\View\View.php(229): CodeIgniter\View\View->{closure:CodeIgniter\View\View::render():223}()
 4 SYSTEMPATH\Common.php(1167): CodeIgniter\View\View->render('errors/custom_404', [], true)
 5 APPPATH\Controllers\BaseController.php(156): view('errors/custom_404', [...])
 6 APPPATH\Controllers\Items.php(308): App\Controllers\BaseController->viewError404()
 7 APPPATH\Controllers\Items.php(70): App\Controllers\Items->showItemDetail(null, null, [...], [...], '3043294')
 8 SYSTEMPATH\CodeIgniter.php(933): App\Controllers\Items->show('hotels', 'a', '3043294', 'ksl-hotel-resort')
 9 SYSTEMPATH\CodeIgniter.php(507): CodeIgniter\CodeIgniter->runController(Object(App\Controllers\Items))
10 SYSTEMPATH\CodeIgniter.php(354): CodeIgniter\CodeIgniter->handleRequest(null, Object(Config\Cache), false)
11 SYSTEMPATH\Boot.php(363): CodeIgniter\CodeIgniter->run()
12 SYSTEMPATH\Boot.php(68): CodeIgniter\Boot::runCodeIgniter(Object(CodeIgniter\CodeIgniter))
13 FCPATH\index.php(59): CodeIgniter\Boot::bootWeb(Object(Config\Paths))
CRITICAL - 2025-11-18 02:01:40 --> ErrorException: Undefined variable $base_data
[Method: GET, Route: .well-known/appspecific/com.chrome.devtools.json]
in APPPATH\Views\errors\custom_404.php on line 1.
 1 APPPATH\Views\errors\custom_404.php(1): CodeIgniter\Debug\Exceptions->errorHandler(2, 'Undefined variable $base_data', 'D:\\CodeIgniter\\travelaz\\app\\Views\\errors\\custom_404.php', 1)
 2 SYSTEMPATH\View\View.php(226): include('D:\\CodeIgniter\\travelaz\\app\\Views\\errors\\custom_404.php')
 3 SYSTEMPATH\View\View.php(229): CodeIgniter\View\View->{closure:CodeIgniter\View\View::render():223}()
 4 SYSTEMPATH\Common.php(1167): CodeIgniter\View\View->render('errors/custom_404', [], true)
 5 APPPATH\Config\Routes.php(163): view('errors/custom_404')
 6 SYSTEMPATH\CodeIgniter.php(957): CodeIgniter\Router\RouteCollection->{closure:{closure:D:\CodeIgniter\travelaz\app\Config\Routes.php:132}:162}('Can\'t find a route for \'GET: .well-known/appspecific/com.chrome.devtools.json\'.')
 7 SYSTEMPATH\CodeIgniter.php(360): CodeIgniter\CodeIgniter->display404errors(Object(CodeIgniter\Exceptions\PageNotFoundException))
 8 SYSTEMPATH\Boot.php(363): CodeIgniter\CodeIgniter->run()
 9 SYSTEMPATH\Boot.php(68): CodeIgniter\Boot::runCodeIgniter(Object(CodeIgniter\CodeIgniter))
10 FCPATH\index.php(59): CodeIgniter\Boot::bootWeb(Object(Config\Paths))
CRITICAL - 2025-11-18 02:02:10 --> ErrorException: Undefined array key "meta_keywords"
[Method: GET, Route: vi-VN/hotels/a/3043294-ksl-hotel-resort]
in APPPATH\Views\layout\header.php on line 11.
 1 APPPATH\Views\layout\header.php(11): CodeIgniter\Debug\Exceptions->errorHandler(2, 'Undefined array key "meta_keywords"', 'D:\\CodeIgniter\\travelaz\\app\\Views\\layout\\header.php', 11)
 2 SYSTEMPATH\View\View.php(226): include('D:\\CodeIgniter\\travelaz\\app\\Views\\layout\\header.php')
 3 SYSTEMPATH\View\View.php(229): CodeIgniter\View\View->{closure:CodeIgniter\View\View::render():223}()
 4 SYSTEMPATH\View\View.php(475): CodeIgniter\View\View->render('layout/header', [...], true)
 5 APPPATH\Views\errors\custom_404.php(1): CodeIgniter\View\View->include('layout/header', [...])
 6 SYSTEMPATH\View\View.php(226): include('D:\\CodeIgniter\\travelaz\\app\\Views\\errors\\custom_404.php')
 7 SYSTEMPATH\View\View.php(229): CodeIgniter\View\View->{closure:CodeIgniter\View\View::render():223}()
 8 SYSTEMPATH\Common.php(1167): CodeIgniter\View\View->render('errors/custom_404', [], true)
 9 APPPATH\Controllers\BaseController.php(156): view('errors/custom_404', [...])
10 APPPATH\Controllers\Items.php(308): App\Controllers\BaseController->viewError404()
11 APPPATH\Controllers\Items.php(70): App\Controllers\Items->showItemDetail(null, null, [...], [...], '3043294')
12 SYSTEMPATH\CodeIgniter.php(933): App\Controllers\Items->show('hotels', 'a', '3043294', 'ksl-hotel-resort')
13 SYSTEMPATH\CodeIgniter.php(507): CodeIgniter\CodeIgniter->runController(Object(App\Controllers\Items))
14 SYSTEMPATH\CodeIgniter.php(354): CodeIgniter\CodeIgniter->handleRequest(null, Object(Config\Cache), false)
15 SYSTEMPATH\Boot.php(363): CodeIgniter\CodeIgniter->run()
16 SYSTEMPATH\Boot.php(68): CodeIgniter\Boot::runCodeIgniter(Object(CodeIgniter\CodeIgniter))
17 FCPATH\index.php(59): CodeIgniter\Boot::bootWeb(Object(Config\Paths))
CRITICAL - 2025-11-18 02:02:11 --> ErrorException: Undefined variable $base_data
[Method: GET, Route: .well-known/appspecific/com.chrome.devtools.json]
in APPPATH\Views\errors\custom_404.php on line 1.
 1 APPPATH\Views\errors\custom_404.php(1): CodeIgniter\Debug\Exceptions->errorHandler(2, 'Undefined variable $base_data', 'D:\\CodeIgniter\\travelaz\\app\\Views\\errors\\custom_404.php', 1)
 2 SYSTEMPATH\View\View.php(226): include('D:\\CodeIgniter\\travelaz\\app\\Views\\errors\\custom_404.php')
 3 SYSTEMPATH\View\View.php(229): CodeIgniter\View\View->{closure:CodeIgniter\View\View::render():223}()
 4 SYSTEMPATH\Common.php(1167): CodeIgniter\View\View->render('errors/custom_404', [], true)
 5 APPPATH\Config\Routes.php(163): view('errors/custom_404')
 6 SYSTEMPATH\CodeIgniter.php(957): CodeIgniter\Router\RouteCollection->{closure:{closure:D:\CodeIgniter\travelaz\app\Config\Routes.php:132}:162}('Can\'t find a route for \'GET: .well-known/appspecific/com.chrome.devtools.json\'.')
 7 SYSTEMPATH\CodeIgniter.php(360): CodeIgniter\CodeIgniter->display404errors(Object(CodeIgniter\Exceptions\PageNotFoundException))
 8 SYSTEMPATH\Boot.php(363): CodeIgniter\CodeIgniter->run()
 9 SYSTEMPATH\Boot.php(68): CodeIgniter\Boot::runCodeIgniter(Object(CodeIgniter\CodeIgniter))
10 FCPATH\index.php(59): CodeIgniter\Boot::bootWeb(Object(Config\Paths))
CRITICAL - 2025-11-18 02:02:36 --> TypeError: implode(): Argument #2 ($array) must be of type ?array, string given
[Method: GET, Route: vi-VN/hotels/a/3043294-ksl-hotel-resort]
in APPPATH\Views\layout\header.php on line 11.
 1 APPPATH\Views\layout\header.php(11): implode(', ', 'error, 404')
 2 SYSTEMPATH\View\View.php(226): include()
 3 SYSTEMPATH\View\View.php(229): CodeIgniter\View\View->{closure:CodeIgniter\View\View::render():223}()
 4 SYSTEMPATH\View\View.php(475): CodeIgniter\View\View->render('layout/header', [...], true)
 5 APPPATH\Views\errors\custom_404.php(1): CodeIgniter\View\View->include('layout/header', [...])
 6 SYSTEMPATH\View\View.php(226): include('D:\\CodeIgniter\\travelaz\\app\\Views\\errors\\custom_404.php')
 7 SYSTEMPATH\View\View.php(229): CodeIgniter\View\View->{closure:CodeIgniter\View\View::render():223}()
 8 SYSTEMPATH\Common.php(1167): CodeIgniter\View\View->render('errors/custom_404', [], true)
 9 APPPATH\Controllers\BaseController.php(157): view('errors/custom_404', [...])
10 APPPATH\Controllers\Items.php(308): App\Controllers\BaseController->viewError404()
11 APPPATH\Controllers\Items.php(70): App\Controllers\Items->showItemDetail(null, null, [...], [...], '3043294')
12 SYSTEMPATH\CodeIgniter.php(933): App\Controllers\Items->show('hotels', 'a', '3043294', 'ksl-hotel-resort')
13 SYSTEMPATH\CodeIgniter.php(507): CodeIgniter\CodeIgniter->runController(Object(App\Controllers\Items))
14 SYSTEMPATH\CodeIgniter.php(354): CodeIgniter\CodeIgniter->handleRequest(null, Object(Config\Cache), false)
15 SYSTEMPATH\Boot.php(363): CodeIgniter\CodeIgniter->run()
16 SYSTEMPATH\Boot.php(68): CodeIgniter\Boot::runCodeIgniter(Object(CodeIgniter\CodeIgniter))
17 FCPATH\index.php(59): CodeIgniter\Boot::bootWeb(Object(Config\Paths))
CRITICAL - 2025-11-18 02:02:36 --> ErrorException: Undefined variable $base_data
[Method: GET, Route: .well-known/appspecific/com.chrome.devtools.json]
in APPPATH\Views\errors\custom_404.php on line 1.
 1 APPPATH\Views\errors\custom_404.php(1): CodeIgniter\Debug\Exceptions->errorHandler(2, 'Undefined variable $base_data', 'D:\\CodeIgniter\\travelaz\\app\\Views\\errors\\custom_404.php', 1)
 2 SYSTEMPATH\View\View.php(226): include('D:\\CodeIgniter\\travelaz\\app\\Views\\errors\\custom_404.php')
 3 SYSTEMPATH\View\View.php(229): CodeIgniter\View\View->{closure:CodeIgniter\View\View::render():223}()
 4 SYSTEMPATH\Common.php(1167): CodeIgniter\View\View->render('errors/custom_404', [], true)
 5 APPPATH\Config\Routes.php(163): view('errors/custom_404')
 6 SYSTEMPATH\CodeIgniter.php(957): CodeIgniter\Router\RouteCollection->{closure:{closure:D:\CodeIgniter\travelaz\app\Config\Routes.php:132}:162}('Can\'t find a route for \'GET: .well-known/appspecific/com.chrome.devtools.json\'.')
 7 SYSTEMPATH\CodeIgniter.php(360): CodeIgniter\CodeIgniter->display404errors(Object(CodeIgniter\Exceptions\PageNotFoundException))
 8 SYSTEMPATH\Boot.php(363): CodeIgniter\CodeIgniter->run()
 9 SYSTEMPATH\Boot.php(68): CodeIgniter\Boot::runCodeIgniter(Object(CodeIgniter\CodeIgniter))
10 FCPATH\index.php(59): CodeIgniter\Boot::bootWeb(Object(Config\Paths))
CRITICAL - 2025-11-18 02:02:57 --> ErrorException: Undefined array key "categories"
[Method: GET, Route: vi-VN/hotels/a/3043294-ksl-hotel-resort]
in APPPATH\Views\layout\header.php on line 124.
 1 APPPATH\Views\layout\header.php(124): CodeIgniter\Debug\Exceptions->errorHandler(2, 'Undefined array key "categories"', 'D:\\CodeIgniter\\travelaz\\app\\Views\\layout\\header.php', 124)
 2 SYSTEMPATH\View\View.php(226): include('D:\\CodeIgniter\\travelaz\\app\\Views\\layout\\header.php')
 3 SYSTEMPATH\View\View.php(229): CodeIgniter\View\View->{closure:CodeIgniter\View\View::render():223}()
 4 SYSTEMPATH\View\View.php(475): CodeIgniter\View\View->render('layout/header', [...], true)
 5 APPPATH\Views\errors\custom_404.php(1): CodeIgniter\View\View->include('layout/header', [...])
 6 SYSTEMPATH\View\View.php(226): include('D:\\CodeIgniter\\travelaz\\app\\Views\\errors\\custom_404.php')
 7 SYSTEMPATH\View\View.php(229): CodeIgniter\View\View->{closure:CodeIgniter\View\View::render():223}()
 8 SYSTEMPATH\Common.php(1167): CodeIgniter\View\View->render('errors/custom_404', [], true)
 9 APPPATH\Controllers\BaseController.php(157): view('errors/custom_404', [...])
10 APPPATH\Controllers\Items.php(308): App\Controllers\BaseController->viewError404()
11 APPPATH\Controllers\Items.php(70): App\Controllers\Items->showItemDetail(null, null, [...], [...], '3043294')
12 SYSTEMPATH\CodeIgniter.php(933): App\Controllers\Items->show('hotels', 'a', '3043294', 'ksl-hotel-resort')
13 SYSTEMPATH\CodeIgniter.php(507): CodeIgniter\CodeIgniter->runController(Object(App\Controllers\Items))
14 SYSTEMPATH\CodeIgniter.php(354): CodeIgniter\CodeIgniter->handleRequest(null, Object(Config\Cache), false)
15 SYSTEMPATH\Boot.php(363): CodeIgniter\CodeIgniter->run()
16 SYSTEMPATH\Boot.php(68): CodeIgniter\Boot::runCodeIgniter(Object(CodeIgniter\CodeIgniter))
17 FCPATH\index.php(59): CodeIgniter\Boot::bootWeb(Object(Config\Paths))
CRITICAL - 2025-11-18 02:02:57 --> ErrorException: Undefined variable $base_data
[Method: GET, Route: .well-known/appspecific/com.chrome.devtools.json]
in APPPATH\Views\errors\custom_404.php on line 1.
 1 APPPATH\Views\errors\custom_404.php(1): CodeIgniter\Debug\Exceptions->errorHandler(2, 'Undefined variable $base_data', 'D:\\CodeIgniter\\travelaz\\app\\Views\\errors\\custom_404.php', 1)
 2 SYSTEMPATH\View\View.php(226): include('D:\\CodeIgniter\\travelaz\\app\\Views\\errors\\custom_404.php')
 3 SYSTEMPATH\View\View.php(229): CodeIgniter\View\View->{closure:CodeIgniter\View\View::render():223}()
 4 SYSTEMPATH\Common.php(1167): CodeIgniter\View\View->render('errors/custom_404', [], true)
 5 APPPATH\Config\Routes.php(163): view('errors/custom_404')
 6 SYSTEMPATH\CodeIgniter.php(957): CodeIgniter\Router\RouteCollection->{closure:{closure:D:\CodeIgniter\travelaz\app\Config\Routes.php:132}:162}('Can\'t find a route for \'GET: .well-known/appspecific/com.chrome.devtools.json\'.')
 7 SYSTEMPATH\CodeIgniter.php(360): CodeIgniter\CodeIgniter->display404errors(Object(CodeIgniter\Exceptions\PageNotFoundException))
 8 SYSTEMPATH\Boot.php(363): CodeIgniter\CodeIgniter->run()
 9 SYSTEMPATH\Boot.php(68): CodeIgniter\Boot::runCodeIgniter(Object(CodeIgniter\CodeIgniter))
10 FCPATH\index.php(59): CodeIgniter\Boot::bootWeb(Object(Config\Paths))
CRITICAL - 2025-11-18 02:03:29 --> ErrorException: Undefined variable $base_data
[Method: GET, Route: .well-known/appspecific/com.chrome.devtools.json]
in APPPATH\Views\errors\custom_404.php on line 1.
 1 APPPATH\Views\errors\custom_404.php(1): CodeIgniter\Debug\Exceptions->errorHandler(2, 'Undefined variable $base_data', 'D:\\CodeIgniter\\travelaz\\app\\Views\\errors\\custom_404.php', 1)
 2 SYSTEMPATH\View\View.php(226): include('D:\\CodeIgniter\\travelaz\\app\\Views\\errors\\custom_404.php')
 3 SYSTEMPATH\View\View.php(229): CodeIgniter\View\View->{closure:CodeIgniter\View\View::render():223}()
 4 SYSTEMPATH\Common.php(1167): CodeIgniter\View\View->render('errors/custom_404', [], true)
 5 APPPATH\Config\Routes.php(163): view('errors/custom_404')
 6 SYSTEMPATH\CodeIgniter.php(957): CodeIgniter\Router\RouteCollection->{closure:{closure:D:\CodeIgniter\travelaz\app\Config\Routes.php:132}:162}('Can\'t find a route for \'GET: .well-known/appspecific/com.chrome.devtools.json\'.')
 7 SYSTEMPATH\CodeIgniter.php(360): CodeIgniter\CodeIgniter->display404errors(Object(CodeIgniter\Exceptions\PageNotFoundException))
 8 SYSTEMPATH\Boot.php(363): CodeIgniter\CodeIgniter->run()
 9 SYSTEMPATH\Boot.php(68): CodeIgniter\Boot::runCodeIgniter(Object(CodeIgniter\CodeIgniter))
10 FCPATH\index.php(59): CodeIgniter\Boot::bootWeb(Object(Config\Paths))
CRITICAL - 2025-11-18 02:04:59 --> ErrorException: Undefined variable $base_data
[Method: GET, Route: .well-known/appspecific/com.chrome.devtools.json]
in APPPATH\Views\errors\custom_404.php on line 1.
 1 APPPATH\Views\errors\custom_404.php(1): CodeIgniter\Debug\Exceptions->errorHandler(2, 'Undefined variable $base_data', 'D:\\CodeIgniter\\travelaz\\app\\Views\\errors\\custom_404.php', 1)
 2 SYSTEMPATH\View\View.php(226): include('D:\\CodeIgniter\\travelaz\\app\\Views\\errors\\custom_404.php')
 3 SYSTEMPATH\View\View.php(229): CodeIgniter\View\View->{closure:CodeIgniter\View\View::render():223}()
 4 SYSTEMPATH\Common.php(1167): CodeIgniter\View\View->render('errors/custom_404', [], true)
 5 APPPATH\Config\Routes.php(163): view('errors/custom_404')
 6 SYSTEMPATH\CodeIgniter.php(957): CodeIgniter\Router\RouteCollection->{closure:{closure:D:\CodeIgniter\travelaz\app\Config\Routes.php:132}:162}('Can\'t find a route for \'GET: .well-known/appspecific/com.chrome.devtools.json\'.')
 7 SYSTEMPATH\CodeIgniter.php(360): CodeIgniter\CodeIgniter->display404errors(Object(CodeIgniter\Exceptions\PageNotFoundException))
 8 SYSTEMPATH\Boot.php(363): CodeIgniter\CodeIgniter->run()
 9 SYSTEMPATH\Boot.php(68): CodeIgniter\Boot::runCodeIgniter(Object(CodeIgniter\CodeIgniter))
10 FCPATH\index.php(59): CodeIgniter\Boot::bootWeb(Object(Config\Paths))
CRITICAL - 2025-11-18 02:06:38 --> ErrorException: Undefined variable $base_data
[Method: GET, Route: .well-known/appspecific/com.chrome.devtools.json]
in APPPATH\Views\errors\custom_404.php on line 1.
 1 APPPATH\Views\errors\custom_404.php(1): CodeIgniter\Debug\Exceptions->errorHandler(2, 'Undefined variable $base_data', 'D:\\CodeIgniter\\travelaz\\app\\Views\\errors\\custom_404.php', 1)
 2 SYSTEMPATH\View\View.php(226): include('D:\\CodeIgniter\\travelaz\\app\\Views\\errors\\custom_404.php')
 3 SYSTEMPATH\View\View.php(229): CodeIgniter\View\View->{closure:CodeIgniter\View\View::render():223}()
 4 SYSTEMPATH\Common.php(1167): CodeIgniter\View\View->render('errors/custom_404', [], true)
 5 APPPATH\Config\Routes.php(163): view('errors/custom_404')
 6 SYSTEMPATH\CodeIgniter.php(957): CodeIgniter\Router\RouteCollection->{closure:{closure:D:\CodeIgniter\travelaz\app\Config\Routes.php:132}:162}('Can\'t find a route for \'GET: .well-known/appspecific/com.chrome.devtools.json\'.')
 7 SYSTEMPATH\CodeIgniter.php(360): CodeIgniter\CodeIgniter->display404errors(Object(CodeIgniter\Exceptions\PageNotFoundException))
 8 SYSTEMPATH\Boot.php(363): CodeIgniter\CodeIgniter->run()
 9 SYSTEMPATH\Boot.php(68): CodeIgniter\Boot::runCodeIgniter(Object(CodeIgniter\CodeIgniter))
10 FCPATH\index.php(59): CodeIgniter\Boot::bootWeb(Object(Config\Paths))
CRITICAL - 2025-11-18 02:07:42 --> ErrorException: Undefined variable $base_data
[Method: GET, Route: .well-known/appspecific/com.chrome.devtools.json]
in APPPATH\Views\errors\custom_404.php on line 1.
 1 APPPATH\Views\errors\custom_404.php(1): CodeIgniter\Debug\Exceptions->errorHandler(2, 'Undefined variable $base_data', 'D:\\CodeIgniter\\travelaz\\app\\Views\\errors\\custom_404.php', 1)
 2 SYSTEMPATH\View\View.php(226): include('D:\\CodeIgniter\\travelaz\\app\\Views\\errors\\custom_404.php')
 3 SYSTEMPATH\View\View.php(229): CodeIgniter\View\View->{closure:CodeIgniter\View\View::render():223}()
 4 SYSTEMPATH\Common.php(1167): CodeIgniter\View\View->render('errors/custom_404', [], true)
 5 APPPATH\Config\Routes.php(163): view('errors/custom_404')
 6 SYSTEMPATH\CodeIgniter.php(957): CodeIgniter\Router\RouteCollection->{closure:{closure:D:\CodeIgniter\travelaz\app\Config\Routes.php:132}:162}('Can\'t find a route for \'GET: .well-known/appspecific/com.chrome.devtools.json\'.')
 7 SYSTEMPATH\CodeIgniter.php(360): CodeIgniter\CodeIgniter->display404errors(Object(CodeIgniter\Exceptions\PageNotFoundException))
 8 SYSTEMPATH\Boot.php(363): CodeIgniter\CodeIgniter->run()
 9 SYSTEMPATH\Boot.php(68): CodeIgniter\Boot::runCodeIgniter(Object(CodeIgniter\CodeIgniter))
10 FCPATH\index.php(59): CodeIgniter\Boot::bootWeb(Object(Config\Paths))
CRITICAL - 2025-11-18 02:08:00 --> ErrorException: Undefined variable $base_data
[Method: GET, Route: .well-known/appspecific/com.chrome.devtools.json]
in APPPATH\Views\errors\custom_404.php on line 1.
 1 APPPATH\Views\errors\custom_404.php(1): CodeIgniter\Debug\Exceptions->errorHandler(2, 'Undefined variable $base_data', 'D:\\CodeIgniter\\travelaz\\app\\Views\\errors\\custom_404.php', 1)
 2 SYSTEMPATH\View\View.php(226): include('D:\\CodeIgniter\\travelaz\\app\\Views\\errors\\custom_404.php')
 3 SYSTEMPATH\View\View.php(229): CodeIgniter\View\View->{closure:CodeIgniter\View\View::render():223}()
 4 SYSTEMPATH\Common.php(1167): CodeIgniter\View\View->render('errors/custom_404', [], true)
 5 APPPATH\Config\Routes.php(163): view('errors/custom_404')
 6 SYSTEMPATH\CodeIgniter.php(957): CodeIgniter\Router\RouteCollection->{closure:{closure:D:\CodeIgniter\travelaz\app\Config\Routes.php:132}:162}('Can\'t find a route for \'GET: .well-known/appspecific/com.chrome.devtools.json\'.')
 7 SYSTEMPATH\CodeIgniter.php(360): CodeIgniter\CodeIgniter->display404errors(Object(CodeIgniter\Exceptions\PageNotFoundException))
 8 SYSTEMPATH\Boot.php(363): CodeIgniter\CodeIgniter->run()
 9 SYSTEMPATH\Boot.php(68): CodeIgniter\Boot::runCodeIgniter(Object(CodeIgniter\CodeIgniter))
10 FCPATH\index.php(59): CodeIgniter\Boot::bootWeb(Object(Config\Paths))
CRITICAL - 2025-11-18 02:08:08 --> ErrorException: Undefined variable $base_data
[Method: GET, Route: .well-known/appspecific/com.chrome.devtools.json]
in APPPATH\Views\errors\custom_404.php on line 1.
 1 APPPATH\Views\errors\custom_404.php(1): CodeIgniter\Debug\Exceptions->errorHandler(2, 'Undefined variable $base_data', 'D:\\CodeIgniter\\travelaz\\app\\Views\\errors\\custom_404.php', 1)
 2 SYSTEMPATH\View\View.php(226): include('D:\\CodeIgniter\\travelaz\\app\\Views\\errors\\custom_404.php')
 3 SYSTEMPATH\View\View.php(229): CodeIgniter\View\View->{closure:CodeIgniter\View\View::render():223}()
 4 SYSTEMPATH\Common.php(1167): CodeIgniter\View\View->render('errors/custom_404', [], true)
 5 APPPATH\Config\Routes.php(163): view('errors/custom_404')
 6 SYSTEMPATH\CodeIgniter.php(957): CodeIgniter\Router\RouteCollection->{closure:{closure:D:\CodeIgniter\travelaz\app\Config\Routes.php:132}:162}('Can\'t find a route for \'GET: .well-known/appspecific/com.chrome.devtools.json\'.')
 7 SYSTEMPATH\CodeIgniter.php(360): CodeIgniter\CodeIgniter->display404errors(Object(CodeIgniter\Exceptions\PageNotFoundException))
 8 SYSTEMPATH\Boot.php(363): CodeIgniter\CodeIgniter->run()
 9 SYSTEMPATH\Boot.php(68): CodeIgniter\Boot::runCodeIgniter(Object(CodeIgniter\CodeIgniter))
10 FCPATH\index.php(59): CodeIgniter\Boot::bootWeb(Object(Config\Paths))
CRITICAL - 2025-11-18 02:11:30 --> ErrorException: Undefined variable $base_data
[Method: GET, Route: .well-known/appspecific/com.chrome.devtools.json]
in APPPATH\Views\errors\custom_404.php on line 1.
 1 APPPATH\Views\errors\custom_404.php(1): CodeIgniter\Debug\Exceptions->errorHandler(2, 'Undefined variable $base_data', 'D:\\CodeIgniter\\travelaz\\app\\Views\\errors\\custom_404.php', 1)
 2 SYSTEMPATH\View\View.php(226): include('D:\\CodeIgniter\\travelaz\\app\\Views\\errors\\custom_404.php')
 3 SYSTEMPATH\View\View.php(229): CodeIgniter\View\View->{closure:CodeIgniter\View\View::render():223}()
 4 SYSTEMPATH\Common.php(1167): CodeIgniter\View\View->render('errors/custom_404', [], true)
 5 APPPATH\Config\Routes.php(163): view('errors/custom_404')
 6 SYSTEMPATH\CodeIgniter.php(957): CodeIgniter\Router\RouteCollection->{closure:{closure:D:\CodeIgniter\travelaz\app\Config\Routes.php:132}:162}('Can\'t find a route for \'GET: .well-known/appspecific/com.chrome.devtools.json\'.')
 7 SYSTEMPATH\CodeIgniter.php(360): CodeIgniter\CodeIgniter->display404errors(Object(CodeIgniter\Exceptions\PageNotFoundException))
 8 SYSTEMPATH\Boot.php(363): CodeIgniter\CodeIgniter->run()
 9 SYSTEMPATH\Boot.php(68): CodeIgniter\Boot::runCodeIgniter(Object(CodeIgniter\CodeIgniter))
10 FCPATH\index.php(59): CodeIgniter\Boot::bootWeb(Object(Config\Paths))
CRITICAL - 2025-11-18 02:12:14 --> ErrorException: Undefined variable $base_data
[Method: GET, Route: .well-known/appspecific/com.chrome.devtools.json]
in APPPATH\Views\errors\custom_404.php on line 1.
 1 APPPATH\Views\errors\custom_404.php(1): CodeIgniter\Debug\Exceptions->errorHandler(2, 'Undefined variable $base_data', 'D:\\CodeIgniter\\travelaz\\app\\Views\\errors\\custom_404.php', 1)
 2 SYSTEMPATH\View\View.php(226): include('D:\\CodeIgniter\\travelaz\\app\\Views\\errors\\custom_404.php')
 3 SYSTEMPATH\View\View.php(229): CodeIgniter\View\View->{closure:CodeIgniter\View\View::render():223}()
 4 SYSTEMPATH\Common.php(1167): CodeIgniter\View\View->render('errors/custom_404', [], true)
 5 APPPATH\Config\Routes.php(163): view('errors/custom_404')
 6 SYSTEMPATH\CodeIgniter.php(957): CodeIgniter\Router\RouteCollection->{closure:{closure:D:\CodeIgniter\travelaz\app\Config\Routes.php:132}:162}('Can\'t find a route for \'GET: .well-known/appspecific/com.chrome.devtools.json\'.')
 7 SYSTEMPATH\CodeIgniter.php(360): CodeIgniter\CodeIgniter->display404errors(Object(CodeIgniter\Exceptions\PageNotFoundException))
 8 SYSTEMPATH\Boot.php(363): CodeIgniter\CodeIgniter->run()
 9 SYSTEMPATH\Boot.php(68): CodeIgniter\Boot::runCodeIgniter(Object(CodeIgniter\CodeIgniter))
10 FCPATH\index.php(59): CodeIgniter\Boot::bootWeb(Object(Config\Paths))
CRITICAL - 2025-11-18 02:12:28 --> ErrorException: Undefined variable $base_data
[Method: GET, Route: vi-VN/hotelss/a/3043294-ksl-hotel-resort]
in APPPATH\Views\errors\custom_404.php on line 1.
 1 APPPATH\Views\errors\custom_404.php(1): CodeIgniter\Debug\Exceptions->errorHandler(2, 'Undefined variable $base_data', 'D:\\CodeIgniter\\travelaz\\app\\Views\\errors\\custom_404.php', 1)
 2 SYSTEMPATH\View\View.php(226): include('D:\\CodeIgniter\\travelaz\\app\\Views\\errors\\custom_404.php')
 3 SYSTEMPATH\View\View.php(229): CodeIgniter\View\View->{closure:CodeIgniter\View\View::render():223}()
 4 SYSTEMPATH\Common.php(1167): CodeIgniter\View\View->render('errors/custom_404', [], true)
 5 APPPATH\Config\Routes.php(163): view('errors/custom_404')
 6 SYSTEMPATH\CodeIgniter.php(957): CodeIgniter\Router\RouteCollection->{closure:{closure:D:\CodeIgniter\travelaz\app\Config\Routes.php:132}:162}('Can\'t find a route for \'GET: vi-VN/hotelss/a/3043294-ksl-hotel-resort\'.')
 7 SYSTEMPATH\CodeIgniter.php(360): CodeIgniter\CodeIgniter->display404errors(Object(CodeIgniter\Exceptions\PageNotFoundException))
 8 SYSTEMPATH\Boot.php(363): CodeIgniter\CodeIgniter->run()
 9 SYSTEMPATH\Boot.php(68): CodeIgniter\Boot::runCodeIgniter(Object(CodeIgniter\CodeIgniter))
10 FCPATH\index.php(59): CodeIgniter\Boot::bootWeb(Object(Config\Paths))
CRITICAL - 2025-11-18 02:15:16 --> Error: Cannot instantiate abstract class App\Controllers\BaseController
[Method: GET, Route: vi-VN/hotelss/a/3043294-ksl-hotel-resort]
in APPPATH\Config\Routes.php on line 164.
 1 SYSTEMPATH\CodeIgniter.php(957): CodeIgniter\Router\RouteCollection->{closure:{closure:D:\CodeIgniter\travelaz\app\Config\Routes.php:133}:163}('Can\'t find a route for \'GET: vi-VN/hotelss/a/3043294-ksl-hotel-resort\'.')
 2 SYSTEMPATH\CodeIgniter.php(360): CodeIgniter\CodeIgniter->display404errors(Object(CodeIgniter\Exceptions\PageNotFoundException))
 3 SYSTEMPATH\Boot.php(363): CodeIgniter\CodeIgniter->run()
 4 SYSTEMPATH\Boot.php(68): CodeIgniter\Boot::runCodeIgniter(Object(CodeIgniter\CodeIgniter))
 5 FCPATH\index.php(59): CodeIgniter\Boot::bootWeb(Object(Config\Paths))
CRITICAL - 2025-11-18 02:15:34 --> Error: Cannot instantiate abstract class App\Controllers\BaseController
[Method: GET, Route: vi-VN/hotelss/a/3043294-ksl-hotel-resort]
in APPPATH\Config\Routes.php on line 164.
 1 SYSTEMPATH\CodeIgniter.php(957): CodeIgniter\Router\RouteCollection->{closure:{closure:D:\CodeIgniter\travelaz\app\Config\Routes.php:133}:163}('Can\'t find a route for \'GET: vi-VN/hotelss/a/3043294-ksl-hotel-resort\'.')
 2 SYSTEMPATH\CodeIgniter.php(360): CodeIgniter\CodeIgniter->display404errors(Object(CodeIgniter\Exceptions\PageNotFoundException))
 3 SYSTEMPATH\Boot.php(363): CodeIgniter\CodeIgniter->run()
 4 SYSTEMPATH\Boot.php(68): CodeIgniter\Boot::runCodeIgniter(Object(CodeIgniter\CodeIgniter))
 5 FCPATH\index.php(59): CodeIgniter\Boot::bootWeb(Object(Config\Paths))
CRITICAL - 2025-11-18 02:15:49 --> Error: Cannot instantiate abstract class App\Controllers\BaseController
[Method: GET, Route: vi-VN/hotelss/a/3043294-ksl-hotel-resort]
in APPPATH\Config\Routes.php on line 165.
 1 SYSTEMPATH\CodeIgniter.php(957): CodeIgniter\Router\RouteCollection->{closure:{closure:D:\CodeIgniter\travelaz\app\Config\Routes.php:134}:164}('Can\'t find a route for \'GET: vi-VN/hotelss/a/3043294-ksl-hotel-resort\'.')
 2 SYSTEMPATH\CodeIgniter.php(360): CodeIgniter\CodeIgniter->display404errors(Object(CodeIgniter\Exceptions\PageNotFoundException))
 3 SYSTEMPATH\Boot.php(363): CodeIgniter\CodeIgniter->run()
 4 SYSTEMPATH\Boot.php(68): CodeIgniter\Boot::runCodeIgniter(Object(CodeIgniter\CodeIgniter))
 5 FCPATH\index.php(59): CodeIgniter\Boot::bootWeb(Object(Config\Paths))
CRITICAL - 2025-11-18 02:16:20 --> Error: Cannot instantiate abstract class App\Controllers\BaseController
[Method: GET, Route: vi-VN/hotelss/a/3043294-ksl-hotel-resort]
in APPPATH\Config\Routes.php on line 165.
 1 SYSTEMPATH\CodeIgniter.php(957): CodeIgniter\Router\RouteCollection->{closure:{closure:D:\CodeIgniter\travelaz\app\Config\Routes.php:134}:164}('Can\'t find a route for \'GET: vi-VN/hotelss/a/3043294-ksl-hotel-resort\'.')
 2 SYSTEMPATH\CodeIgniter.php(360): CodeIgniter\CodeIgniter->display404errors(Object(CodeIgniter\Exceptions\PageNotFoundException))
 3 SYSTEMPATH\Boot.php(363): CodeIgniter\CodeIgniter->run()
 4 SYSTEMPATH\Boot.php(68): CodeIgniter\Boot::runCodeIgniter(Object(CodeIgniter\CodeIgniter))
 5 FCPATH\index.php(59): CodeIgniter\Boot::bootWeb(Object(Config\Paths))
CRITICAL - 2025-11-18 02:18:26 --> Error: Call to protected method App\Controllers\BaseController::viewError404() from scope CodeIgniter\Router\RouteCollection
[Method: GET, Route: vi-VN/hotelss/a/3043294-ksl-hotel-resort]
in APPPATH\Config\Routes.php on line 167.
 1 SYSTEMPATH\CodeIgniter.php(957): CodeIgniter\Router\RouteCollection->{closure:{closure:D:\CodeIgniter\travelaz\app\Config\Routes.php:135}:165}('Can\'t find a route for \'GET: vi-VN/hotelss/a/3043294-ksl-hotel-resort\'.')
 2 SYSTEMPATH\CodeIgniter.php(360): CodeIgniter\CodeIgniter->display404errors(Object(CodeIgniter\Exceptions\PageNotFoundException))
 3 SYSTEMPATH\Boot.php(363): CodeIgniter\CodeIgniter->run()
 4 SYSTEMPATH\Boot.php(68): CodeIgniter\Boot::runCodeIgniter(Object(CodeIgniter\CodeIgniter))
 5 FCPATH\index.php(59): CodeIgniter\Boot::bootWeb(Object(Config\Paths))
CRITICAL - 2025-11-18 02:18:36 --> ErrorException: Undefined array key "meta_image"
[Method: GET, Route: vi-VN/hotelss/a/3043294-ksl-hotel-resort]
in APPPATH\Views\layout\header.php on line 18.
 1 APPPATH\Views\layout\header.php(18): CodeIgniter\Debug\Exceptions->errorHandler(2, 'Undefined array key "meta_image"', 'D:\\CodeIgniter\\travelaz\\app\\Views\\layout\\header.php', 18)
 2 SYSTEMPATH\View\View.php(226): include('D:\\CodeIgniter\\travelaz\\app\\Views\\layout\\header.php')
 3 SYSTEMPATH\View\View.php(229): CodeIgniter\View\View->{closure:CodeIgniter\View\View::render():223}()
 4 SYSTEMPATH\View\View.php(475): CodeIgniter\View\View->render('layout/header', [...], true)
 5 APPPATH\Views\errors\custom_404.php(1): CodeIgniter\View\View->include('layout/header', [...])
 6 SYSTEMPATH\View\View.php(226): include('D:\\CodeIgniter\\travelaz\\app\\Views\\errors\\custom_404.php')
 7 SYSTEMPATH\View\View.php(229): CodeIgniter\View\View->{closure:CodeIgniter\View\View::render():223}()
 8 SYSTEMPATH\Common.php(1167): CodeIgniter\View\View->render('errors/custom_404', [], true)
 9 APPPATH\Controllers\BaseController.php(154): view('errors/custom_404', [...])
10 APPPATH\Controllers\Home.php(65): App\Controllers\BaseController->viewError404()
11 APPPATH\Config\Routes.php(167): App\Controllers\Home->error404()
12 SYSTEMPATH\CodeIgniter.php(957): CodeIgniter\Router\RouteCollection->{closure:{closure:D:\CodeIgniter\travelaz\app\Config\Routes.php:135}:165}('Can\'t find a route for \'GET: vi-VN/hotelss/a/3043294-ksl-hotel-resort\'.')
13 SYSTEMPATH\CodeIgniter.php(360): CodeIgniter\CodeIgniter->display404errors(Object(CodeIgniter\Exceptions\PageNotFoundException))
14 SYSTEMPATH\Boot.php(363): CodeIgniter\CodeIgniter->run()
15 SYSTEMPATH\Boot.php(68): CodeIgniter\Boot::runCodeIgniter(Object(CodeIgniter\CodeIgniter))
16 FCPATH\index.php(59): CodeIgniter\Boot::bootWeb(Object(Config\Paths))
WARNING - 2025-11-18 07:59:56 --> [DEPRECATED] trim(): Passing null to parameter #1 ($string) of type string is deprecated in APPPATH\Controllers\Search.php on line 12.
 1 APPPATH\Controllers\Search.php(12): trim(null)
 2 SYSTEMPATH\CodeIgniter.php(933): App\Controllers\Search->search()
 3 SYSTEMPATH\CodeIgniter.php(507): CodeIgniter\CodeIgniter->runController(Object(App\Controllers\Search))
 4 SYSTEMPATH\CodeIgniter.php(354): CodeIgniter\CodeIgniter->handleRequest(null, Object(Config\Cache), false)
 5 SYSTEMPATH\Boot.php(363): CodeIgniter\CodeIgniter->run()
 6 SYSTEMPATH\Boot.php(68): CodeIgniter\Boot::runCodeIgniter(Object(CodeIgniter\CodeIgniter))
 7 FCPATH\index.php(59): CodeIgniter\Boot::bootWeb(Object(Config\Paths))
WARNING - 2025-11-18 08:00:00 --> [DEPRECATED] trim(): Passing null to parameter #1 ($string) of type string is deprecated in APPPATH\Controllers\Search.php on line 12.
 1 APPPATH\Controllers\Search.php(12): trim(null)
 2 SYSTEMPATH\CodeIgniter.php(933): App\Controllers\Search->search()
 3 SYSTEMPATH\CodeIgniter.php(507): CodeIgniter\CodeIgniter->runController(Object(App\Controllers\Search))
 4 SYSTEMPATH\CodeIgniter.php(354): CodeIgniter\CodeIgniter->handleRequest(null, Object(Config\Cache), false)
 5 SYSTEMPATH\Boot.php(363): CodeIgniter\CodeIgniter->run()
 6 SYSTEMPATH\Boot.php(68): CodeIgniter\Boot::runCodeIgniter(Object(CodeIgniter\CodeIgniter))
 7 FCPATH\index.php(59): CodeIgniter\Boot::bootWeb(Object(Config\Paths))
WARNING - 2025-11-18 08:07:40 --> [DEPRECATED] trim(): Passing null to parameter #1 ($string) of type string is deprecated in APPPATH\Controllers\Search.php on line 12.
 1 APPPATH\Controllers\Search.php(12): trim(null)
 2 SYSTEMPATH\CodeIgniter.php(933): App\Controllers\Search->search()
 3 SYSTEMPATH\CodeIgniter.php(507): CodeIgniter\CodeIgniter->runController(Object(App\Controllers\Search))
 4 SYSTEMPATH\CodeIgniter.php(354): CodeIgniter\CodeIgniter->handleRequest(null, Object(Config\Cache), false)
 5 SYSTEMPATH\Boot.php(363): CodeIgniter\CodeIgniter->run()
 6 SYSTEMPATH\Boot.php(68): CodeIgniter\Boot::runCodeIgniter(Object(CodeIgniter\CodeIgniter))
 7 FCPATH\index.php(59): CodeIgniter\Boot::bootWeb(Object(Config\Paths))
WARNING - 2025-11-18 08:07:51 --> [DEPRECATED] trim(): Passing null to parameter #1 ($string) of type string is deprecated in APPPATH\Controllers\Search.php on line 12.
 1 APPPATH\Controllers\Search.php(12): trim(null)
 2 SYSTEMPATH\CodeIgniter.php(933): App\Controllers\Search->search()
 3 SYSTEMPATH\CodeIgniter.php(507): CodeIgniter\CodeIgniter->runController(Object(App\Controllers\Search))
 4 SYSTEMPATH\CodeIgniter.php(354): CodeIgniter\CodeIgniter->handleRequest(null, Object(Config\Cache), false)
 5 SYSTEMPATH\Boot.php(363): CodeIgniter\CodeIgniter->run()
 6 SYSTEMPATH\Boot.php(68): CodeIgniter\Boot::runCodeIgniter(Object(CodeIgniter\CodeIgniter))
 7 FCPATH\index.php(59): CodeIgniter\Boot::bootWeb(Object(Config\Paths))
WARNING - 2025-11-18 08:07:59 --> [DEPRECATED] trim(): Passing null to parameter #1 ($string) of type string is deprecated in APPPATH\Controllers\Search.php on line 12.
 1 APPPATH\Controllers\Search.php(12): trim(null)
 2 SYSTEMPATH\CodeIgniter.php(933): App\Controllers\Search->search()
 3 SYSTEMPATH\CodeIgniter.php(507): CodeIgniter\CodeIgniter->runController(Object(App\Controllers\Search))
 4 SYSTEMPATH\CodeIgniter.php(354): CodeIgniter\CodeIgniter->handleRequest(null, Object(Config\Cache), false)
 5 SYSTEMPATH\Boot.php(363): CodeIgniter\CodeIgniter->run()
 6 SYSTEMPATH\Boot.php(68): CodeIgniter\Boot::runCodeIgniter(Object(CodeIgniter\CodeIgniter))
 7 FCPATH\index.php(59): CodeIgniter\Boot::bootWeb(Object(Config\Paths))
WARNING - 2025-11-18 08:08:08 --> [DEPRECATED] trim(): Passing null to parameter #1 ($string) of type string is deprecated in APPPATH\Controllers\Search.php on line 12.
 1 APPPATH\Controllers\Search.php(12): trim(null)
 2 SYSTEMPATH\CodeIgniter.php(933): App\Controllers\Search->search()
 3 SYSTEMPATH\CodeIgniter.php(507): CodeIgniter\CodeIgniter->runController(Object(App\Controllers\Search))
 4 SYSTEMPATH\CodeIgniter.php(354): CodeIgniter\CodeIgniter->handleRequest(null, Object(Config\Cache), false)
 5 SYSTEMPATH\Boot.php(363): CodeIgniter\CodeIgniter->run()
 6 SYSTEMPATH\Boot.php(68): CodeIgniter\Boot::runCodeIgniter(Object(CodeIgniter\CodeIgniter))
 7 FCPATH\index.php(59): CodeIgniter\Boot::bootWeb(Object(Config\Paths))
WARNING - 2025-11-18 08:08:12 --> [DEPRECATED] trim(): Passing null to parameter #1 ($string) of type string is deprecated in APPPATH\Controllers\Search.php on line 12.
 1 APPPATH\Controllers\Search.php(12): trim(null)
 2 SYSTEMPATH\CodeIgniter.php(933): App\Controllers\Search->search()
 3 SYSTEMPATH\CodeIgniter.php(507): CodeIgniter\CodeIgniter->runController(Object(App\Controllers\Search))
 4 SYSTEMPATH\CodeIgniter.php(354): CodeIgniter\CodeIgniter->handleRequest(null, Object(Config\Cache), false)
 5 SYSTEMPATH\Boot.php(363): CodeIgniter\CodeIgniter->run()
 6 SYSTEMPATH\Boot.php(68): CodeIgniter\Boot::runCodeIgniter(Object(CodeIgniter\CodeIgniter))
 7 FCPATH\index.php(59): CodeIgniter\Boot::bootWeb(Object(Config\Paths))
WARNING - 2025-11-18 09:10:52 --> [DEPRECATED] trim(): Passing null to parameter #1 ($string) of type string is deprecated in APPPATH\Controllers\Search.php on line 12.
 1 APPPATH\Controllers\Search.php(12): trim(null)
 2 SYSTEMPATH\CodeIgniter.php(933): App\Controllers\Search->search()
 3 SYSTEMPATH\CodeIgniter.php(507): CodeIgniter\CodeIgniter->runController(Object(App\Controllers\Search))
 4 SYSTEMPATH\CodeIgniter.php(354): CodeIgniter\CodeIgniter->handleRequest(null, Object(Config\Cache), false)
 5 SYSTEMPATH\Boot.php(363): CodeIgniter\CodeIgniter->run()
 6 SYSTEMPATH\Boot.php(68): CodeIgniter\Boot::runCodeIgniter(Object(CodeIgniter\CodeIgniter))
 7 FCPATH\index.php(59): CodeIgniter\Boot::bootWeb(Object(Config\Paths))
WARNING - 2025-11-18 09:11:04 --> [DEPRECATED] trim(): Passing null to parameter #1 ($string) of type string is deprecated in APPPATH\Controllers\Search.php on line 12.
 1 APPPATH\Controllers\Search.php(12): trim(null)
 2 SYSTEMPATH\CodeIgniter.php(933): App\Controllers\Search->search()
 3 SYSTEMPATH\CodeIgniter.php(507): CodeIgniter\CodeIgniter->runController(Object(App\Controllers\Search))
 4 SYSTEMPATH\CodeIgniter.php(354): CodeIgniter\CodeIgniter->handleRequest(null, Object(Config\Cache), false)
 5 SYSTEMPATH\Boot.php(363): CodeIgniter\CodeIgniter->run()
 6 SYSTEMPATH\Boot.php(68): CodeIgniter\Boot::runCodeIgniter(Object(CodeIgniter\CodeIgniter))
 7 FCPATH\index.php(59): CodeIgniter\Boot::bootWeb(Object(Config\Paths))
WARNING - 2025-11-18 09:11:11 --> [DEPRECATED] trim(): Passing null to parameter #1 ($string) of type string is deprecated in APPPATH\Controllers\Search.php on line 12.
 1 APPPATH\Controllers\Search.php(12): trim(null)
 2 SYSTEMPATH\CodeIgniter.php(933): App\Controllers\Search->search()
 3 SYSTEMPATH\CodeIgniter.php(507): CodeIgniter\CodeIgniter->runController(Object(App\Controllers\Search))
 4 SYSTEMPATH\CodeIgniter.php(354): CodeIgniter\CodeIgniter->handleRequest(null, Object(Config\Cache), false)
 5 SYSTEMPATH\Boot.php(363): CodeIgniter\CodeIgniter->run()
 6 SYSTEMPATH\Boot.php(68): CodeIgniter\Boot::runCodeIgniter(Object(CodeIgniter\CodeIgniter))
 7 FCPATH\index.php(59): CodeIgniter\Boot::bootWeb(Object(Config\Paths))
CRITICAL - 2025-11-18 10:21:35 --> ErrorException: mkdir(): File exists
[Method: GET, Route: hotels/a/img/37538114-grand-lisboa-palace-macau.webp]
in APPPATH\Controllers\Items.php on line 132.
 1 [internal function]: CodeIgniter\Debug\Exceptions->errorHandler(2, 'mkdir(): File exists', 'D:\\CodeIgniter\\travelaz\\app\\Controllers\\Items.php', 132)
 2 APPPATH\Controllers\Items.php(132): mkdir('D:\\CodeIgniter\\travelaz\\writable\\cache/img/', 493, true)
 3 SYSTEMPATH\CodeIgniter.php(933): App\Controllers\Items->showImg('hotels', 'a', '37538114')
 4 SYSTEMPATH\CodeIgniter.php(507): CodeIgniter\CodeIgniter->runController(Object(App\Controllers\Items))
 5 SYSTEMPATH\CodeIgniter.php(354): CodeIgniter\CodeIgniter->handleRequest(null, Object(Config\Cache), false)
 6 SYSTEMPATH\Boot.php(363): CodeIgniter\CodeIgniter->run()
 7 SYSTEMPATH\Boot.php(68): CodeIgniter\Boot::runCodeIgniter(Object(CodeIgniter\CodeIgniter))
 8 FCPATH\index.php(59): CodeIgniter\Boot::bootWeb(Object(Config\Paths))
CRITICAL - 2025-11-18 10:21:35 --> ErrorException: mkdir(): File exists
[Method: GET, Route: activities/kd/img/133300-shibuya-sky-tickets.webp]
in APPPATH\Controllers\Items.php on line 132.
 1 [internal function]: CodeIgniter\Debug\Exceptions->errorHandler(2, 'mkdir(): File exists', 'D:\\CodeIgniter\\travelaz\\app\\Controllers\\Items.php', 132)
 2 APPPATH\Controllers\Items.php(132): mkdir('D:\\CodeIgniter\\travelaz\\writable\\cache/img/', 493, true)
 3 SYSTEMPATH\CodeIgniter.php(933): App\Controllers\Items->showImg('activities', 'kd', '133300')
 4 SYSTEMPATH\CodeIgniter.php(507): CodeIgniter\CodeIgniter->runController(Object(App\Controllers\Items))
 5 SYSTEMPATH\CodeIgniter.php(354): CodeIgniter\CodeIgniter->handleRequest(null, Object(Config\Cache), false)
 6 SYSTEMPATH\Boot.php(363): CodeIgniter\CodeIgniter->run()
 7 SYSTEMPATH\Boot.php(68): CodeIgniter\Boot::runCodeIgniter(Object(CodeIgniter\CodeIgniter))
 8 FCPATH\index.php(59): CodeIgniter\Boot::bootWeb(Object(Config\Paths))
