ERROR - 2025-11-23 07:48:11 --> mysqli_sql_exception: Duplicate entry '24-1' for key 'location_sources.uq_location_source' in D:\CodeIgniter\travelaz\system\Database\MySQLi\Connection.php:327
Stack trace:
#0 D:\CodeIgniter\travelaz\system\Database\MySQLi\Connection.php(327): mysqli->query('INSERT INTO `lo...', 0)
#1 D:\CodeIgniter\travelaz\system\Database\BaseConnection.php(729): CodeIgniter\Database\MySQLi\Connection->execute('INSERT INTO `lo...')
#2 D:\CodeIgniter\travelaz\system\Database\BaseConnection.php(646): CodeIgniter\Database\BaseConnection->simpleQuery('INSERT INTO `lo...')
#3 D:\CodeIgniter\travelaz\system\Database\BaseBuilder.php(2345): CodeIgniter\Database\BaseConnection->query('INSERT INTO `lo...', Array, false)
#4 D:\CodeIgniter\travelaz\system\Model.php(394): CodeIgniter\Database\BaseBuilder->insert()
#5 D:\CodeIgniter\travelaz\system\BaseModel.php(838): CodeIgniter\Model->doInsert(Array)
#6 D:\CodeIgniter\travelaz\system\Model.php(797): CodeIgniter\BaseModel->insert(Array, true)
#7 D:\CodeIgniter\travelaz\app\Models\LocationModel.php(101): CodeIgniter\Model->insert(Array)
#8 D:\CodeIgniter\travelaz\app\Controllers\Api\V1\Items.php(167): App\Models\LocationModel->insertBySource(Array, 4064, 'Singapore', '24')
#9 D:\CodeIgniter\travelaz\app\Controllers\Api\V1\Items.php(102): App\Controllers\Api\V1\Items->addAgodaItem(Object(stdClass), Array, Array, Array)
#10 D:\CodeIgniter\travelaz\system\CodeIgniter.php(933): App\Controllers\Api\V1\Items->create()
#11 D:\CodeIgniter\travelaz\system\CodeIgniter.php(507): CodeIgniter\CodeIgniter->runController(Object(App\Controllers\Api\V1\Items))
#12 D:\CodeIgniter\travelaz\system\CodeIgniter.php(354): CodeIgniter\CodeIgniter->handleRequest(NULL, Object(Config\Cache), false)
#13 D:\CodeIgniter\travelaz\system\Boot.php(363): CodeIgniter\CodeIgniter->run()
#14 D:\CodeIgniter\travelaz\system\Boot.php(68): CodeIgniter\Boot::runCodeIgniter(Object(CodeIgniter\CodeIgniter))
#15 D:\CodeIgniter\travelaz\public\index.php(59): CodeIgniter\Boot::bootWeb(Object(Config\Paths))
#16 {main}
CRITICAL - 2025-11-23 07:48:12 --> CodeIgniter\Database\Exceptions\DatabaseException: Duplicate entry '24-1' for key 'location_sources.uq_location_source'
[Method: POST, Route: api/v1/items]
in SYSTEMPATH\Database\BaseConnection.php on line 684.
 1 SYSTEMPATH\Database\BaseBuilder.php(2345): CodeIgniter\Database\BaseConnection->query('INSERT INTO `location_sources` (`location_id`, `source_id`, `location_source_id`) VALUES (:location_id:, :source_id:, :location_source_id:)', [...], false)
 2 SYSTEMPATH\Model.php(394): CodeIgniter\Database\BaseBuilder->insert()
 3 SYSTEMPATH\BaseModel.php(838): CodeIgniter\Model->doInsert([...])
 4 SYSTEMPATH\Model.php(797): CodeIgniter\BaseModel->insert([...], true)
 5 APPPATH\Models\LocationModel.php(101): CodeIgniter\Model->insert([...])
 6 APPPATH\Controllers\Api\V1\Items.php(167): App\Models\LocationModel->insertBySource([...], 4064, 'Singapore', '24')
 7 APPPATH\Controllers\Api\V1\Items.php(102): App\Controllers\Api\V1\Items->addAgodaItem(Object(stdClass), [...], [...], [...])
 8 SYSTEMPATH\CodeIgniter.php(933): App\Controllers\Api\V1\Items->create()
 9 SYSTEMPATH\CodeIgniter.php(507): CodeIgniter\CodeIgniter->runController(Object(App\Controllers\Api\V1\Items))
10 SYSTEMPATH\CodeIgniter.php(354): CodeIgniter\CodeIgniter->handleRequest(null, Object(Config\Cache), false)
11 SYSTEMPATH\Boot.php(363): CodeIgniter\CodeIgniter->run()
12 SYSTEMPATH\Boot.php(68): CodeIgniter\Boot::runCodeIgniter(Object(CodeIgniter\CodeIgniter))
13 FCPATH\index.php(59): CodeIgniter\Boot::bootWeb(Object(Config\Paths))
CRITICAL - 2025-11-23 07:48:12 --> [Caused by] CodeIgniter\Database\Exceptions\DatabaseException: Duplicate entry '24-1' for key 'location_sources.uq_location_source'
in SYSTEMPATH\Database\MySQLi\Connection.php on line 332.
 1 SYSTEMPATH\Database\BaseConnection.php(729): CodeIgniter\Database\MySQLi\Connection->execute('INSERT INTO `location_sources` (`location_id`, `source_id`, `location_source_id`) VALUES (\'24\', \'1\', 4064)')
 2 SYSTEMPATH\Database\BaseConnection.php(646): CodeIgniter\Database\BaseConnection->simpleQuery('INSERT INTO `location_sources` (`location_id`, `source_id`, `location_source_id`) VALUES (\'24\', \'1\', 4064)')
 3 SYSTEMPATH\Database\BaseBuilder.php(2345): CodeIgniter\Database\BaseConnection->query('INSERT INTO `location_sources` (`location_id`, `source_id`, `location_source_id`) VALUES (:location_id:, :source_id:, :location_source_id:)', [...], false)
 4 SYSTEMPATH\Model.php(394): CodeIgniter\Database\BaseBuilder->insert()
 5 SYSTEMPATH\BaseModel.php(838): CodeIgniter\Model->doInsert([...])
 6 SYSTEMPATH\Model.php(797): CodeIgniter\BaseModel->insert([...], true)
 7 APPPATH\Models\LocationModel.php(101): CodeIgniter\Model->insert([...])
 8 APPPATH\Controllers\Api\V1\Items.php(167): App\Models\LocationModel->insertBySource([...], 4064, 'Singapore', '24')
 9 APPPATH\Controllers\Api\V1\Items.php(102): App\Controllers\Api\V1\Items->addAgodaItem(Object(stdClass), [...], [...], [...])
10 SYSTEMPATH\CodeIgniter.php(933): App\Controllers\Api\V1\Items->create()
11 SYSTEMPATH\CodeIgniter.php(507): CodeIgniter\CodeIgniter->runController(Object(App\Controllers\Api\V1\Items))
12 SYSTEMPATH\CodeIgniter.php(354): CodeIgniter\CodeIgniter->handleRequest(null, Object(Config\Cache), false)
13 SYSTEMPATH\Boot.php(363): CodeIgniter\CodeIgniter->run()
14 SYSTEMPATH\Boot.php(68): CodeIgniter\Boot::runCodeIgniter(Object(CodeIgniter\CodeIgniter))
15 FCPATH\index.php(59): CodeIgniter\Boot::bootWeb(Object(Config\Paths))
CRITICAL - 2025-11-23 07:48:12 --> [Caused by] mysqli_sql_exception: Duplicate entry '24-1' for key 'location_sources.uq_location_source'
in SYSTEMPATH\Database\MySQLi\Connection.php on line 327.
 1 SYSTEMPATH\Database\MySQLi\Connection.php(327): mysqli->query('INSERT INTO `location_sources` (`location_id`, `source_id`, `location_source_id`) VALUES (\'24\', \'1\', 4064)', 0)
 2 SYSTEMPATH\Database\BaseConnection.php(729): CodeIgniter\Database\MySQLi\Connection->execute('INSERT INTO `location_sources` (`location_id`, `source_id`, `location_source_id`) VALUES (\'24\', \'1\', 4064)')
 3 SYSTEMPATH\Database\BaseConnection.php(646): CodeIgniter\Database\BaseConnection->simpleQuery('INSERT INTO `location_sources` (`location_id`, `source_id`, `location_source_id`) VALUES (\'24\', \'1\', 4064)')
 4 SYSTEMPATH\Database\BaseBuilder.php(2345): CodeIgniter\Database\BaseConnection->query('INSERT INTO `location_sources` (`location_id`, `source_id`, `location_source_id`) VALUES (:location_id:, :source_id:, :location_source_id:)', [...], false)
 5 SYSTEMPATH\Model.php(394): CodeIgniter\Database\BaseBuilder->insert()
 6 SYSTEMPATH\BaseModel.php(838): CodeIgniter\Model->doInsert([...])
 7 SYSTEMPATH\Model.php(797): CodeIgniter\BaseModel->insert([...], true)
 8 APPPATH\Models\LocationModel.php(101): CodeIgniter\Model->insert([...])
 9 APPPATH\Controllers\Api\V1\Items.php(167): App\Models\LocationModel->insertBySource([...], 4064, 'Singapore', '24')
10 APPPATH\Controllers\Api\V1\Items.php(102): App\Controllers\Api\V1\Items->addAgodaItem(Object(stdClass), [...], [...], [...])
11 SYSTEMPATH\CodeIgniter.php(933): App\Controllers\Api\V1\Items->create()
12 SYSTEMPATH\CodeIgniter.php(507): CodeIgniter\CodeIgniter->runController(Object(App\Controllers\Api\V1\Items))
13 SYSTEMPATH\CodeIgniter.php(354): CodeIgniter\CodeIgniter->handleRequest(null, Object(Config\Cache), false)
14 SYSTEMPATH\Boot.php(363): CodeIgniter\CodeIgniter->run()
15 SYSTEMPATH\Boot.php(68): CodeIgniter\Boot::runCodeIgniter(Object(CodeIgniter\CodeIgniter))
16 FCPATH\index.php(59): CodeIgniter\Boot::bootWeb(Object(Config\Paths))
